#
# There is insufficient memory for the Java Runtime Environment to continue.
# Native memory allocation (mmap) failed to map 268435456 bytes for G1 virtual space
# Possible reasons:
#   The system is out of physical RAM or swap space
#   The process is running with CompressedOops enabled, and the Java Heap may be blocking the growth of the native heap
# Possible solutions:
#   Reduce memory load on the system
#   Increase physical memory or swap space
#   Check if swap backing store is full
#   Decrease Java heap size (-Xmx/-Xms)
#   Decrease number of Java threads
#   Decrease Java thread stack sizes (-Xss)
#   Set larger code cache with -XX:ReservedCodeCacheSize=
#   JVM is running with Unscaled Compressed Oops mode in which the Java heap is
#     placed in the first 4GB address space. The Java Heap base address is the
#     maximum limit for the native heap growth. Please use -XX:HeapBaseMinAddress
#     to set the Java Heap base and to place the Java Heap above 4GB virtual address.
# This output file may be truncated or incomplete.
#
#  Out of Memory Error (os_windows.cpp:3559), pid=18968, tid=21532
#
# JRE version:  (17.0.7+7) (build )
# Java VM: OpenJDK 64-Bit Server VM (17.0.7+7, mixed mode, emulated-client, sharing, tiered, compressed oops, compressed class ptrs, g1 gc, windows-amd64)
# No core dump will be written. Minidumps are not enabled by default on client versions of Windows
#

---------------  S U M M A R Y ------------

Command Line: -XX:+HeapDumpOnOutOfMemoryError -Xmx1024m -Dsts.lsp.client=vscode -Dsts.log.file=/dev/null -XX:TieredStopAtLevel=1 -Xlog:jni+resolve=off -Dspring.config.location=file:c:\Users\LtCol(Dr)HHLKFernand\.vscode\extensions\vmware.vscode-spring-boot-1.48.0\language-server\BOOT-INF\classes\application.properties org.springframework.ide.vscode.boot.app.BootLanguageServerBootApp

Host: Intel(R) Core(TM) i3-8145U CPU @ 2.10GHz, 4 cores, 15G,  Windows 11 , 64 bit Build 22621 (10.0.22621.2070)
Time: Sun Sep  3 00:01:25 2023 Sri Lanka Standard Time elapsed time: 0.019832 seconds (0d 0h 0m 0s)

---------------  T H R E A D  ---------------

Current thread (0x0000020844313ad0):  JavaThread "Unknown thread" [_thread_in_vm, id=21532, stack(0x0000007761500000,0x0000007761600000)]

Stack: [0x0000007761500000,0x0000007761600000]
Native frames: (J=compiled Java code, j=interpreted, Vv=VM code, C=native code)
V  [jvm.dll+0x67754a]
V  [jvm.dll+0x834304]
V  [jvm.dll+0x835aae]
V  [jvm.dll+0x836113]
V  [jvm.dll+0x24696f]
V  [jvm.dll+0x6743f9]
V  [jvm.dll+0x668c8a]
V  [jvm.dll+0x3061bb]
V  [jvm.dll+0x30d6a6]
V  [jvm.dll+0x35cece]
V  [jvm.dll+0x35d0ff]
V  [jvm.dll+0x2dd048]
V  [jvm.dll+0x2ddfb4]
V  [jvm.dll+0x8066d1]
V  [jvm.dll+0x36ac91]
V  [jvm.dll+0x7e5cec]
V  [jvm.dll+0x3ed56f]
V  [jvm.dll+0x3ef0a1]
C  [jli.dll+0x528b]
C  [ucrtbase.dll+0x29363]
C  [KERNEL32.DLL+0x126ad]
C  [ntdll.dll+0x5aa68]


---------------  P R O C E S S  ---------------

Threads class SMR info:
_java_thread_list=0x00007ffbeddf7018, length=0, elements={
}

Java Threads: ( => current thread )

Other Threads:
  0x00000208443523a0 GCTaskThread "GC Thread#0" [stack: 0x0000007761600000,0x0000007761700000] [id=22400]
  0x000002084435b2e0 ConcurrentGCThread "G1 Main Marker" [stack: 0x0000007761700000,0x0000007761800000] [id=8488]
  0x000002084435bcf0 ConcurrentGCThread "G1 Conc#0" [stack: 0x0000007761800000,0x0000007761900000] [id=21208]

[error occurred during error reporting (printing all threads), id 0xc0000005, EXCEPTION_ACCESS_VIOLATION (0xc0000005) at pc=0x00007ffbed5cdaf7]

VM state: not at safepoint (not fully initialized)

VM Mutex/Monitor currently owned by a thread:  ([mutex/lock_event])
[0x000002084226e000] Heap_lock - owner thread: 0x0000020844313ad0

Heap address: 0x00000000c0000000, size: 1024 MB, Compressed Oops mode: 32-bit

CDS archive(s) mapped at: [0x0000000000000000-0x0000000000000000-0x0000000000000000), size 0, SharedBaseAddress: 0x0000000800000000, ArchiveRelocationMode: 0.
Narrow klass base: 0x0000000000000000, Narrow klass shift: 0, Narrow klass range: 0x0

GC Precious Log:
<Empty>

Heap:
 garbage-first heap   total 0K, used 0K [0x00000000c0000000, 0x0000000100000000)
  region size 1024K, 0 young (0K), 0 survivors (0K)

[error occurred during error reporting (printing heap information), id 0xc0000005, EXCEPTION_ACCESS_VIOLATION (0xc0000005) at pc=0x00007ffbed9b0db9]

GC Heap History (0 events):
No events

Dll operation events (1 events):
Event: 0.012 Loaded shared library c:\Users\LtCol(Dr)HHLKFernand\.vscode\extensions\redhat.java-1.21.0-win32-x64\jre\17.0.7-win32-x86_64\bin\java.dll

Deoptimization events (0 events):
No events

Classes unloaded (0 events):
No events

Classes redefined (0 events):
No events

Internal exceptions (0 events):
No events

VM Operations (0 events):
No events

Events (0 events):
No events


Dynamic libraries:
0x00007ff742550000 - 0x00007ff74255e000 	c:\Users\LtCol(Dr)HHLKFernand\.vscode\extensions\redhat.java-1.21.0-win32-x64\jre\17.0.7-win32-x86_64\bin\java.exe
0x00007ffca4730000 - 0x00007ffca4944000 	C:\WINDOWS\SYSTEM32\ntdll.dll
0x00007ffca3ba0000 - 0x00007ffca3c64000 	C:\WINDOWS\System32\KERNEL32.DLL
0x00007ffca20d0000 - 0x00007ffca2474000 	C:\WINDOWS\System32\KERNELBASE.dll
0x00007ffca1e50000 - 0x00007ffca1f61000 	C:\WINDOWS\System32\ucrtbase.dll
0x00007ffc8c980000 - 0x00007ffc8c997000 	c:\Users\LtCol(Dr)HHLKFernand\.vscode\extensions\redhat.java-1.21.0-win32-x64\jre\17.0.7-win32-x86_64\bin\jli.dll
0x00007ffc89670000 - 0x00007ffc89689000 	c:\Users\LtCol(Dr)HHLKFernand\.vscode\extensions\redhat.java-1.21.0-win32-x64\jre\17.0.7-win32-x86_64\bin\VCRUNTIME140.dll
0x00007ffca3e50000 - 0x00007ffca3ffa000 	C:\WINDOWS\System32\USER32.dll
0x00007ffca1e20000 - 0x00007ffca1e46000 	C:\WINDOWS\System32\win32u.dll
0x00007ffca42d0000 - 0x00007ffca42f9000 	C:\WINDOWS\System32\GDI32.dll
0x00007ffc863b0000 - 0x00007ffc8663f000 	C:\WINDOWS\WinSxS\amd64_microsoft.windows.common-controls_6595b64144ccf1df_6.0.22621.2070_none_2713e6537381f706\COMCTL32.dll
0x00007ffca1d00000 - 0x00007ffca1e19000 	C:\WINDOWS\System32\gdi32full.dll
0x00007ffca36f0000 - 0x00007ffca3797000 	C:\WINDOWS\System32\msvcrt.dll
0x00007ffca1f70000 - 0x00007ffca200a000 	C:\WINDOWS\System32\msvcp_win.dll
0x00007ffca4460000 - 0x00007ffca4491000 	C:\WINDOWS\System32\IMM32.DLL
0x00007ffc9bf30000 - 0x00007ffc9bf3c000 	c:\Users\LtCol(Dr)HHLKFernand\.vscode\extensions\redhat.java-1.21.0-win32-x64\jre\17.0.7-win32-x86_64\bin\vcruntime140_1.dll
0x00007ffc895d0000 - 0x00007ffc89661000 	c:\Users\LtCol(Dr)HHLKFernand\.vscode\extensions\redhat.java-1.21.0-win32-x64\jre\17.0.7-win32-x86_64\bin\msvcp140.dll
0x00007ffbed2e0000 - 0x00007ffbedf28000 	c:\Users\LtCol(Dr)HHLKFernand\.vscode\extensions\redhat.java-1.21.0-win32-x64\jre\17.0.7-win32-x86_64\bin\server\jvm.dll
0x00007ffca4000000 - 0x00007ffca40b0000 	C:\WINDOWS\System32\ADVAPI32.dll
0x00007ffca2b20000 - 0x00007ffca2bc6000 	C:\WINDOWS\System32\sechost.dll
0x00007ffca41b0000 - 0x00007ffca42c7000 	C:\WINDOWS\System32\RPCRT4.dll
0x00007ffc97200000 - 0x00007ffc97209000 	C:\WINDOWS\SYSTEM32\WSOCK32.dll
0x00007ffca4300000 - 0x00007ffca4371000 	C:\WINDOWS\System32\WS2_32.dll
0x00007ffc98c30000 - 0x00007ffc98c64000 	C:\WINDOWS\SYSTEM32\WINMM.dll
0x00007ffc92840000 - 0x00007ffc9284a000 	C:\WINDOWS\SYSTEM32\VERSION.dll
0x00007ffca0a20000 - 0x00007ffca0a38000 	C:\WINDOWS\SYSTEM32\kernel.appcore.dll
0x00007ffc90a00000 - 0x00007ffc90a0a000 	c:\Users\LtCol(Dr)HHLKFernand\.vscode\extensions\redhat.java-1.21.0-win32-x64\jre\17.0.7-win32-x86_64\bin\jimage.dll
0x00007ffc9f210000 - 0x00007ffc9f43e000 	C:\WINDOWS\SYSTEM32\DBGHELP.DLL
0x00007ffca3810000 - 0x00007ffca3b9a000 	C:\WINDOWS\System32\combase.dll
0x00007ffca4380000 - 0x00007ffca4457000 	C:\WINDOWS\System32\OLEAUT32.dll
0x00007ffc82200000 - 0x00007ffc82232000 	C:\WINDOWS\SYSTEM32\dbgcore.DLL
0x00007ffca1c80000 - 0x00007ffca1cfa000 	C:\WINDOWS\System32\bcryptPrimitives.dll
0x00007ffc895a0000 - 0x00007ffc895c5000 	c:\Users\LtCol(Dr)HHLKFernand\.vscode\extensions\redhat.java-1.21.0-win32-x64\jre\17.0.7-win32-x86_64\bin\java.dll

dbghelp: loaded successfully - version: 4.0.5 - missing functions: none
symbol engine: initialized successfully - sym options: 0x614 - pdb path: .;c:\Users\LtCol(Dr)HHLKFernand\.vscode\extensions\redhat.java-1.21.0-win32-x64\jre\17.0.7-win32-x86_64\bin;C:\WINDOWS\SYSTEM32;C:\WINDOWS\WinSxS\amd64_microsoft.windows.common-controls_6595b64144ccf1df_6.0.22621.2070_none_2713e6537381f706;c:\Users\LtCol(Dr)HHLKFernand\.vscode\extensions\redhat.java-1.21.0-win32-x64\jre\17.0.7-win32-x86_64\bin\server

VM Arguments:
jvm_args: -XX:+HeapDumpOnOutOfMemoryError -Xmx1024m -Dsts.lsp.client=vscode -Dsts.log.file=/dev/null -XX:TieredStopAtLevel=1 -Xlog:jni+resolve=off -Dspring.config.location=file:c:\Users\LtCol(Dr)HHLKFernand\.vscode\extensions\vmware.vscode-spring-boot-1.48.0\language-server\BOOT-INF\classes\application.properties 
java_command: org.springframework.ide.vscode.boot.app.BootLanguageServerBootApp
java_class_path (initial): c:\Users\LtCol(Dr)HHLKFernand\.vscode\extensions\vmware.vscode-spring-boot-1.48.0\language-server\BOOT-INF\classes;c:\Users\LtCol(Dr)HHLKFernand\.vscode\extensions\vmware.vscode-spring-boot-1.48.0\language-server\BOOT-INF\lib\annotations-24.0.1.jar;c:\Users\LtCol(Dr)HHLKFernand\.vscode\extensions\vmware.vscode-spring-boot-1.48.0\language-server\BOOT-INF\lib\antlr-runtime-3.5.3.jar;c:\Users\LtCol(Dr)HHLKFernand\.vscode\extensions\vmware.vscode-spring-boot-1.48.0\language-server\BOOT-INF\lib\antlr4-4.11.1.jar;c:\Users\LtCol(Dr)HHLKFernand\.vscode\extensions\vmware.vscode-spring-boot-1.48.0\language-server\BOOT-INF\lib\antlr4-runtime-4.11.1.jar;c:\Users\LtCol(Dr)HHLKFernand\.vscode\extensions\vmware.vscode-spring-boot-1.48.0\language-server\BOOT-INF\lib\archunit-1.0.1.jar;c:\Users\LtCol(Dr)HHLKFernand\.vscode\extensions\vmware.vscode-spring-boot-1.48.0\language-server\BOOT-INF\lib\asm-9.5.jar;c:\Users\LtCol(Dr)HHLKFernand\.vscode\extensions\vmware.vscode-spring-boot-1.48.0\language-server\BOOT-INF\lib\asm-analysis-9.5.jar;c:\Users\LtCol(Dr)HHLKFernand\.vscode\extensions\vmware.vscode-spring-boot-1.48.0\language-server\BOOT-INF\lib\asm-tree-9.5.jar;c:\Users\LtCol(Dr)HHLKFernand\.vscode\extensions\vmware.vscode-spring-boot-1.48.0\language-server\BOOT-INF\lib\asm-util-9.5.jar;c:\Users\LtCol(Dr)HHLKFernand\.vscode\extensions\vmware.vscode-spring-boot-1.48.0\language-server\BOOT-INF\lib\bosh-language-server-1.48.0-SNAPSHOT.jar;c:\Users\LtCol(Dr)HHLKFernand\.vscode\extensions\vmware.vscode-spring-boot-1.48.0\language-server\BOOT-INF\lib\caffeine-3.1.6.jar;c:\Users\LtCol(Dr)HHLKFernand\.vscode\extensions\vmware.vscode-spring-boot-1.48.0\language-server\BOOT-INF\lib\checker-qual-3.12.0.jar;c:\Users\LtCol(Dr)HHLKFernand\.vscode\extensions\vmware.vscode-spring-boot-1.48.0\language-server\BOOT-INF\lib\classgraph-4.8.149.jar;c:\Users\LtCol(Dr)HHLKFernand\.vscode\extensions\vmware.vscode-spring-boot-1.48.0\language-server\BOOT-INF\lib\commons-codec-1.15
Launcher Type: SUN_STANDARD

[Global flags]
     intx CICompilerCount                          = 3                                         {product} {ergonomic}
     uint ConcGCThreads                            = 1                                         {product} {ergonomic}
     uint G1ConcRefinementThreads                  = 4                                         {product} {ergonomic}
   size_t G1HeapRegionSize                         = 1048576                                   {product} {ergonomic}
    uintx GCDrainStackTargetSize                   = 64                                        {product} {ergonomic}
     bool HeapDumpOnOutOfMemoryError               = true                                   {manageable} {command line}
   size_t InitialHeapSize                          = 268435456                                 {product} {ergonomic}
   size_t MarkStackSize                            = 4194304                                   {product} {ergonomic}
   size_t MaxHeapSize                              = 1073741824                                {product} {command line}
   size_t MinHeapDeltaBytes                        = 1048576                                   {product} {ergonomic}
   size_t MinHeapSize                              = 8388608                                   {product} {ergonomic}
    uintx NonProfiledCodeHeapSize                  = 0                                      {pd product} {ergonomic}
     bool ProfileInterpreter                       = false                                  {pd product} {command line}
    uintx ProfiledCodeHeapSize                     = 0                                      {pd product} {ergonomic}
   size_t SoftMaxHeapSize                          = 1073741824                             {manageable} {ergonomic}
     intx TieredStopAtLevel                        = 1                                         {product} {command line}
     bool UseCompressedClassPointers               = true                           {product lp64_product} {ergonomic}
     bool UseCompressedOops                        = true                           {product lp64_product} {ergonomic}
     bool UseG1GC                                  = true                                      {product} {ergonomic}
     bool UseLargePagesIndividualAllocation        = false                                  {pd product} {ergonomic}

Logging:
Log output configuration:
 #0: stdout all=warning,jni+resolve=off uptime,level,tags (reconfigured)
 #1: stderr all=off uptime,level,tags

Environment Variables:
JAVA_HOME=C:\Program Files\Java\jdk-19
PATH=C:\Program Files\Common Files\Oracle\Java\javapath;C:\WINDOWS\system32;C:\WINDOWS;C:\WINDOWS\System32\Wbem;C:\WINDOWS\System32\WindowsPowerShell\v1.0\;C:\WINDOWS\System32\OpenSSH\;C:\Program Files\Microsoft VS Code\bin;C:\Program Files\Java\jdk-18.0.1.1\bin;C:\Program Files\Git\cmd;C:\xampp\php;C:\ProgramData\ComposerSetup\bin;C:\MinGW\bin;C:\Program Files\nodejs\;C:\Program Files\Docker\Docker\resources\bin;C:\Users\LtCol(Dr)HHLKFernand\AppData\Local\Microsoft\WindowsApps;C:\Users\LtCol(Dr)HHLKFernand\AppData\Local\GitHubDesktop\bin;C:\Users\LtCol(Dr)HHLKFernand\AppData\Roaming\Composer\vendor\bin;C:\Program Files\Java\jdk-19\bin;C:\Users\LtCol(Dr)HHLKFernand\AppData\Roaming\npm;C:\Program Files\JetBrains\IntelliJ IDEA 2023.2\bin;
USERNAME=LtCol(Dr)HHLKFernand
OS=Windows_NT
PROCESSOR_IDENTIFIER=Intel64 Family 6 Model 142 Stepping 12, GenuineIntel
TMP=C:\Users\LTCOL(~1\AppData\Local\Temp
TEMP=C:\Users\LTCOL(~1\AppData\Local\Temp



---------------  S Y S T E M  ---------------

OS:
 Windows 11 , 64 bit Build 22621 (10.0.22621.2070)
OS uptime: 0 days 5:21 hours
Hyper-V role detected

CPU: total 4 (initial active 4) (2 cores per cpu, 2 threads per core) family 6 model 142 stepping 12 microcode 0xf8, cx8, cmov, fxsr, ht, mmx, 3dnowpref, sse, sse2, sse3, ssse3, sse4.1, sse4.2, popcnt, lzcnt, tsc, tscinvbit, avx, avx2, aes, erms, clmul, bmi1, bmi2, adx, fma, vzeroupper, clflush, clflushopt, hv

Memory: 4k page, system-wide physical 16260M (3426M free)
TotalPageFile size 19006M (AvailPageFile size 177M)
current process WorkingSet (physical memory assigned to process): 11M, peak: 11M
current process commit charge ("private bytes"): 46M, peak: 302M

vm_info: OpenJDK 64-Bit Server VM (17.0.7+7) for windows-amd64 JRE (17.0.7+7), built on Apr 18 2023 22:10:42 by "temurin" with MS VC++ 16.7 (VS2019)

END.
