#
# There is insufficient memory for the Java Runtime Environment to continue.
# Native memory allocation (malloc) failed to allocate 1048576 bytes for AllocateHeap
# Possible reasons:
#   The system is out of physical RAM or swap space
#   The process is running with CompressedOops enabled, and the Java Heap may be blocking the growth of the native heap
# Possible solutions:
#   Reduce memory load on the system
#   Increase physical memory or swap space
#   Check if swap backing store is full
#   Decrease Java heap size (-Xmx/-Xms)
#   Decrease number of Java threads
#   Decrease Java thread stack sizes (-Xss)
#   Set larger code cache with -XX:ReservedCodeCacheSize=
#   JVM is running with Unscaled Compressed Oops mode in which the Java heap is
#     placed in the first 4GB address space. The Java Heap base address is the
#     maximum limit for the native heap growth. Please use -XX:HeapBaseMinAddress
#     to set the Java Heap base and to place the Java Heap above 4GB virtual address.
# This output file may be truncated or incomplete.
#
#  Out of Memory Error (allocation.cpp:44), pid=20356, tid=19308
#
# JRE version: OpenJDK Runtime Environment Temurin-17.0.7+7 (17.0.7+7) (build 17.0.7+7)
# Java VM: OpenJDK 64-Bit Server VM Temurin-17.0.7+7 (17.0.7+7, mixed mode, emulated-client, tiered, compressed oops, compressed class ptrs, g1 gc, windows-amd64)
# No core dump will be written. Minidumps are not enabled by default on client versions of Windows
#

---------------  S U M M A R Y ------------

Command Line: -XX:+HeapDumpOnOutOfMemoryError -Xmx1024m -Dsts.lsp.client=vscode -Dsts.log.file=/dev/null -XX:TieredStopAtLevel=1 -Xlog:jni+resolve=off -Dspring.config.location=file:c:\Users\LtCol(Dr)HHLKFernand\.vscode\extensions\vmware.vscode-spring-boot-1.48.0\language-server\BOOT-INF\classes\application.properties org.springframework.ide.vscode.boot.app.BootLanguageServerBootApp

Host: Intel(R) Core(TM) i3-8145U CPU @ 2.10GHz, 4 cores, 15G,  Windows 11 , 64 bit Build 22621 (10.0.22621.2070)
Time: Sun Sep  3 00:01:24 2023 Sri Lanka Standard Time elapsed time: 17853.767343 seconds (0d 4h 57m 33s)

---------------  T H R E A D  ---------------

Current thread (0x000001e0d13ca1c0):  VMThread "VM Thread" [stack: 0x000000482c200000,0x000000482c300000] [id=19308]

Stack: [0x000000482c200000,0x000000482c300000]
Native frames: (J=compiled Java code, j=interpreted, Vv=VM code, C=native code)
V  [jvm.dll+0x67754a]
V  [jvm.dll+0x834304]
V  [jvm.dll+0x835aae]
V  [jvm.dll+0x836113]
V  [jvm.dll+0x24696f]
V  [jvm.dll+0xa681f]
V  [jvm.dll+0x2f73f3]
V  [jvm.dll+0x2f30f0]
V  [jvm.dll+0x2db6c7]
V  [jvm.dll+0x31e777]
V  [jvm.dll+0x83a5bb]
V  [jvm.dll+0x83b2f4]
V  [jvm.dll+0x83b80c]
V  [jvm.dll+0x83bbe4]
V  [jvm.dll+0x83bcb0]
V  [jvm.dll+0x7e4e7a]
V  [jvm.dll+0x676395]
C  [ucrtbase.dll+0x29363]
C  [KERNEL32.DLL+0x126ad]
C  [ntdll.dll+0x5aa68]

VM_Operation (0x000000482d4fea50): G1CollectFull, mode: safepoint, requested by thread 0x000001e0d717bb80


---------------  P R O C E S S  ---------------

Threads class SMR info:
_java_thread_list=0x000001e0d822f030, length=21, elements={
0x000001e0d13f4390, 0x000001e0d13f4c50, 0x000001e0d13d9c50, 0x000001e0d1419dd0,
0x000001e0d141c6a0, 0x000001e0d141cf60, 0x000001e0d141d820, 0x000001e0d141f0a0,
0x000001e0d1629780, 0x000001e0d162fe20, 0x000001e0d7018ba0, 0x000001e0d717b6b0,
0x000001e0d717bb80, 0x000001e0d6ece7f0, 0x000001e0c4c1e5f0, 0x000001e0d6e18840,
0x000001e0d6eb4030, 0x000001e0d72ebf20, 0x000001e0d72ec3f0, 0x000001e0d72eb0b0,
0x000001e0d7b87210
}

Java Threads: ( => current thread )
  0x000001e0d13f4390 JavaThread "Reference Handler" daemon [_thread_blocked, id=19248, stack(0x000000482c300000,0x000000482c400000)]
  0x000001e0d13f4c50 JavaThread "Finalizer" daemon [_thread_blocked, id=16404, stack(0x000000482c400000,0x000000482c500000)]
  0x000001e0d13d9c50 JavaThread "Signal Dispatcher" daemon [_thread_blocked, id=1372, stack(0x000000482c500000,0x000000482c600000)]
  0x000001e0d1419dd0 JavaThread "Attach Listener" daemon [_thread_blocked, id=2900, stack(0x000000482c600000,0x000000482c700000)]
  0x000001e0d141c6a0 JavaThread "Service Thread" daemon [_thread_blocked, id=12308, stack(0x000000482c700000,0x000000482c800000)]
  0x000001e0d141cf60 JavaThread "Monitor Deflation Thread" daemon [_thread_blocked, id=9252, stack(0x000000482c800000,0x000000482c900000)]
  0x000001e0d141d820 JavaThread "C1 CompilerThread0" daemon [_thread_blocked, id=11932, stack(0x000000482c900000,0x000000482ca00000)]
  0x000001e0d141f0a0 JavaThread "Sweeper thread" daemon [_thread_blocked, id=9132, stack(0x000000482ca00000,0x000000482cb00000)]
  0x000001e0d1629780 JavaThread "Notification Thread" daemon [_thread_blocked, id=19716, stack(0x000000482cc00000,0x000000482cd00000)]
  0x000001e0d162fe20 JavaThread "Common-Cleaner" daemon [_thread_blocked, id=19724, stack(0x000000482ce00000,0x000000482cf00000)]
  0x000001e0d7018ba0 JavaThread "boundedElastic-evictor-1" daemon [_thread_blocked, id=20208, stack(0x000000482d200000,0x000000482d300000)]
  0x000001e0d717b6b0 JavaThread "boundedElastic-evictor-2" daemon [_thread_blocked, id=20332, stack(0x000000482d300000,0x000000482d400000)]
  0x000001e0d717bb80 JavaThread "pool-11-thread-1" [_thread_blocked, id=20368, stack(0x000000482d400000,0x000000482d500000)]
  0x000001e0d6ece7f0 JavaThread "LanguageServerApp-lifecycle" [_thread_blocked, id=16124, stack(0x000000482d500000,0x000000482d600000)]
  0x000001e0c4c1e5f0 JavaThread "DestroyJavaVM" [_thread_blocked, id=8216, stack(0x000000482bb00000,0x000000482bc00000)]
  0x000001e0d6e18840 JavaThread "pool-12-thread-1" [_thread_in_native, id=19556, stack(0x000000482d600000,0x000000482d700000)]
  0x000001e0d6eb4030 JavaThread "Simple-Language-Server main thread" daemon [_thread_blocked, id=20016, stack(0x000000482d700000,0x000000482d800000)]
  0x000001e0d72ebf20 JavaThread "parallel-1" daemon [_thread_blocked, id=20272, stack(0x000000482e400000,0x000000482e500000)]
  0x000001e0d72ec3f0 JavaThread "pool-5-thread-1" [_thread_blocked, id=16896, stack(0x000000482e500000,0x000000482e600000)]
  0x000001e0d72eb0b0 JavaThread "parallel-2" daemon [_thread_blocked, id=2028, stack(0x000000482e600000,0x000000482e700000)]
  0x000001e0d7b87210 JavaThread "parallel-3" daemon [_thread_blocked, id=19256, stack(0x000000482dd00000,0x000000482de00000)]

Other Threads:
=>0x000001e0d13ca1c0 VMThread "VM Thread" [stack: 0x000000482c200000,0x000000482c300000] [id=19308]
  0x000001e0d13625e0 WatcherThread [stack: 0x000000482cd00000,0x000000482ce00000] [id=19720]
  0x000001e0c6e71040 GCTaskThread "GC Thread#0" [stack: 0x000000482bd00000,0x000000482be00000] [id=18012]
  0x000001e0d1460900 GCTaskThread "GC Thread#1" [stack: 0x000000482cb00000,0x000000482cc00000] [id=16972]
  0x000001e0d158b030 GCTaskThread "GC Thread#2" [stack: 0x000000482cf00000,0x000000482d000000] [id=7488]
  0x000001e0d158b2e0 GCTaskThread "GC Thread#3" [stack: 0x000000482d000000,0x000000482d100000] [id=15044]
  0x000001e0c6e79f80 ConcurrentGCThread "G1 Main Marker" [stack: 0x000000482be00000,0x000000482bf00000] [id=16408]
  0x000001e0c6e7a990 ConcurrentGCThread "G1 Conc#0" [stack: 0x000000482bf00000,0x000000482c000000] [id=4496]
  0x000001e0c6eee7c0 ConcurrentGCThread "G1 Refine#0" [stack: 0x000000482c000000,0x000000482c100000] [id=15124]
  0x000001e0d7bea430 ConcurrentGCThread "G1 Refine#1" [stack: 0x000000482e800000,0x000000482e900000] [id=14256]
  0x000001e0d7bea710 ConcurrentGCThread "G1 Refine#2" [stack: 0x000000482e900000,0x000000482ea00000] [id=20020]
  0x000001e0d7bea9f0 ConcurrentGCThread "G1 Refine#3" [stack: 0x000000482ea00000,0x000000482eb00000] [id=20112]
  0x000001e0d1236360 ConcurrentGCThread "G1 Service" [stack: 0x000000482c100000,0x000000482c200000] [id=19320]

Threads with active compile tasks:

VM state: at safepoint (normal execution)

VM Mutex/Monitor currently owned by a thread:  ([mutex/lock_event])
[0x000001e0c4b58cd0] Threads_lock - owner thread: 0x000001e0d13ca1c0
[0x000001e0c4c1d380] Heap_lock - owner thread: 0x000001e0d717bb80

Heap address: 0x00000000c0000000, size: 1024 MB, Compressed Oops mode: 32-bit

CDS archive(s) not mapped
Compressed class space mapped at: 0x0000000100000000-0x0000000140000000, reserved size: 1073741824
Narrow klass base: 0x0000000000000000, Narrow klass shift: 3, Narrow klass range: 0x140000000

GC Precious Log:
 CPUs: 4 total, 4 available
 Memory: 16260M
 Large Page Support: Disabled
 NUMA Support: Disabled
 Compressed Oops: Enabled (32-bit)
 Heap Region Size: 1M
 Heap Min Capacity: 8M
 Heap Initial Capacity: 256M
 Heap Max Capacity: 1G
 Pre-touch: Disabled
 Parallel Workers: 4
 Concurrent Workers: 1
 Concurrent Refinement Workers: 4
 Periodic GC: Disabled

Heap:
 garbage-first heap   total 116736K, used 34616K [0x00000000c0000000, 0x0000000100000000)
  region size 1024K, 1 young (1024K), 0 survivors (0K)
 Metaspace       used 56529K, committed 57280K, reserved 1114112K
  class space    used 8038K, committed 8320K, reserved 1048576K

Heap Regions: E=young(eden), S=young(survivor), O=old, HS=humongous(starts), HC=humongous(continues), CS=collection set, F=free, OA=open archive, CA=closed archive, TAMS=top-at-mark-start (previous, next)
|   0|0x00000000c0000000, 0x00000000c0100000, 0x00000000c0100000|100%| O|  |TAMS 0x00000000c0100000, 0x00000000c0000000| Untracked 
|   1|0x00000000c0100000, 0x00000000c0200000, 0x00000000c0200000|100%| O|  |TAMS 0x00000000c0200000, 0x00000000c0100000| Untracked 
|   2|0x00000000c0200000, 0x00000000c02f83a8, 0x00000000c0300000| 96%| O|  |TAMS 0x00000000c02f83a8, 0x00000000c0200000| Untracked 
|   3|0x00000000c0300000, 0x00000000c03fffd8, 0x00000000c0400000| 99%| O|  |TAMS 0x00000000c03fffd8, 0x00000000c0300000| Untracked 
|   4|0x00000000c0400000, 0x00000000c0500000, 0x00000000c0500000|100%| O|  |TAMS 0x00000000c0500000, 0x00000000c0400000| Untracked 
|   5|0x00000000c0500000, 0x00000000c0600000, 0x00000000c0600000|100%| O|  |TAMS 0x00000000c0600000, 0x00000000c0500000| Untracked 
|   6|0x00000000c0600000, 0x00000000c0700000, 0x00000000c0700000|100%| O|  |TAMS 0x00000000c0700000, 0x00000000c0600000| Untracked 
|   7|0x00000000c0700000, 0x00000000c07fffb8, 0x00000000c0800000| 99%| O|  |TAMS 0x00000000c07fffb8, 0x00000000c0700000| Untracked 
|   8|0x00000000c0800000, 0x00000000c0900000, 0x00000000c0900000|100%| O|  |TAMS 0x00000000c0900000, 0x00000000c0800000| Untracked 
|   9|0x00000000c0900000, 0x00000000c09ffff0, 0x00000000c0a00000| 99%| O|  |TAMS 0x00000000c09ffff0, 0x00000000c0900000| Untracked 
|  10|0x00000000c0a00000, 0x00000000c0b00000, 0x00000000c0b00000|100%| O|  |TAMS 0x00000000c0b00000, 0x00000000c0a00000| Untracked 
|  11|0x00000000c0b00000, 0x00000000c0bffdf8, 0x00000000c0c00000| 99%| O|  |TAMS 0x00000000c0bffdf8, 0x00000000c0b00000| Untracked 
|  12|0x00000000c0c00000, 0x00000000c0cffff0, 0x00000000c0d00000| 99%| O|  |TAMS 0x00000000c0cffff0, 0x00000000c0c00000| Untracked 
|  13|0x00000000c0d00000, 0x00000000c0dfffc8, 0x00000000c0e00000| 99%| O|  |TAMS 0x00000000c0dfffc8, 0x00000000c0d00000| Untracked 
|  14|0x00000000c0e00000, 0x00000000c0f00000, 0x00000000c0f00000|100%| O|  |TAMS 0x00000000c0f00000, 0x00000000c0e00000| Untracked 
|  15|0x00000000c0f00000, 0x00000000c0fffff0, 0x00000000c1000000| 99%| O|  |TAMS 0x00000000c0fffff0, 0x00000000c0f00000| Untracked 
|  16|0x00000000c1000000, 0x00000000c10ffff8, 0x00000000c1100000| 99%| O|  |TAMS 0x00000000c10ffff8, 0x00000000c1000000| Untracked 
|  17|0x00000000c1100000, 0x00000000c11ffff0, 0x00000000c1200000| 99%| O|  |TAMS 0x00000000c11ffff0, 0x00000000c1100000| Untracked 
|  18|0x00000000c1200000, 0x00000000c12fffb0, 0x00000000c1300000| 99%| O|  |TAMS 0x00000000c12fffb0, 0x00000000c1200000| Untracked 
|  19|0x00000000c1300000, 0x00000000c13facf8, 0x00000000c1400000| 97%| O|  |TAMS 0x00000000c13facf8, 0x00000000c1300000| Untracked 
|  20|0x00000000c1400000, 0x00000000c14ffff0, 0x00000000c1500000| 99%| O|  |TAMS 0x00000000c14ffff0, 0x00000000c1400000| Untracked 
|  21|0x00000000c1500000, 0x00000000c15fffd0, 0x00000000c1600000| 99%| O|  |TAMS 0x00000000c15fffd0, 0x00000000c1500000| Untracked 
|  22|0x00000000c1600000, 0x00000000c16ffff8, 0x00000000c1700000| 99%| O|  |TAMS 0x00000000c16ffff8, 0x00000000c1600000| Untracked 
|  23|0x00000000c1700000, 0x00000000c17fffd0, 0x00000000c1800000| 99%| O|  |TAMS 0x00000000c17fffd0, 0x00000000c1700000| Untracked 
|  24|0x00000000c1800000, 0x00000000c18fffb8, 0x00000000c1900000| 99%| O|  |TAMS 0x00000000c18fffb8, 0x00000000c1800000| Untracked 
|  25|0x00000000c1900000, 0x00000000c19ffff8, 0x00000000c1a00000| 99%| O|  |TAMS 0x00000000c19ffff8, 0x00000000c1900000| Untracked 
|  26|0x00000000c1a00000, 0x00000000c1adb338, 0x00000000c1b00000| 85%| O|  |TAMS 0x00000000c1a00000, 0x00000000c1a00000| Untracked 
|  27|0x00000000c1b00000, 0x00000000c1bffff8, 0x00000000c1c00000| 99%| O|  |TAMS 0x00000000c1bffff8, 0x00000000c1b00000| Untracked 
|  28|0x00000000c1c00000, 0x00000000c1d00000, 0x00000000c1d00000|100%| O|  |TAMS 0x00000000c1d00000, 0x00000000c1c00000| Untracked 
|  29|0x00000000c1d00000, 0x00000000c1e00000, 0x00000000c1e00000|100%| O|  |TAMS 0x00000000c1e00000, 0x00000000c1d00000| Untracked 
|  30|0x00000000c1e00000, 0x00000000c1f00000, 0x00000000c1f00000|100%| O|  |TAMS 0x00000000c1f00000, 0x00000000c1e00000| Untracked 
|  31|0x00000000c1f00000, 0x00000000c2000000, 0x00000000c2000000|100%| O|  |TAMS 0x00000000c2000000, 0x00000000c1f00000| Untracked 
|  32|0x00000000c2000000, 0x00000000c20ffff8, 0x00000000c2100000| 99%| O|  |TAMS 0x00000000c20ffff8, 0x00000000c2000000| Untracked 
|  33|0x00000000c2100000, 0x00000000c21fffd8, 0x00000000c2200000| 99%| O|  |TAMS 0x00000000c21fffd8, 0x00000000c2100000| Untracked 
|  34|0x00000000c2200000, 0x00000000c2200088, 0x00000000c2300000|  0%| O|  |TAMS 0x00000000c2200000, 0x00000000c2200000| Untracked 
|  35|0x00000000c2300000, 0x00000000c2300000, 0x00000000c2400000|  0%| F|  |TAMS 0x00000000c2300000, 0x00000000c2300000| Untracked 
|  36|0x00000000c2400000, 0x00000000c2400000, 0x00000000c2500000|  0%| F|  |TAMS 0x00000000c2400000, 0x00000000c2400000| Untracked 
|  37|0x00000000c2500000, 0x00000000c2500000, 0x00000000c2600000|  0%| F|  |TAMS 0x00000000c2500000, 0x00000000c2500000| Untracked 
|  38|0x00000000c2600000, 0x00000000c2600000, 0x00000000c2700000|  0%| F|  |TAMS 0x00000000c2600000, 0x00000000c2600000| Untracked 
|  39|0x00000000c2700000, 0x00000000c2700000, 0x00000000c2800000|  0%| F|  |TAMS 0x00000000c2700000, 0x00000000c2700000| Untracked 
|  40|0x00000000c2800000, 0x00000000c2800000, 0x00000000c2900000|  0%| F|  |TAMS 0x00000000c2800000, 0x00000000c2800000| Untracked 
|  41|0x00000000c2900000, 0x00000000c2900000, 0x00000000c2a00000|  0%| F|  |TAMS 0x00000000c2900000, 0x00000000c2900000| Untracked 
|  42|0x00000000c2a00000, 0x00000000c2a00000, 0x00000000c2b00000|  0%| F|  |TAMS 0x00000000c2a00000, 0x00000000c2a00000| Untracked 
|  43|0x00000000c2b00000, 0x00000000c2b00000, 0x00000000c2c00000|  0%| F|  |TAMS 0x00000000c2b00000, 0x00000000c2b00000| Untracked 
|  44|0x00000000c2c00000, 0x00000000c2c00000, 0x00000000c2d00000|  0%| F|  |TAMS 0x00000000c2c00000, 0x00000000c2c00000| Untracked 
|  45|0x00000000c2d00000, 0x00000000c2d00000, 0x00000000c2e00000|  0%| F|  |TAMS 0x00000000c2d00000, 0x00000000c2d00000| Untracked 
|  46|0x00000000c2e00000, 0x00000000c2e00000, 0x00000000c2f00000|  0%| F|  |TAMS 0x00000000c2e00000, 0x00000000c2e00000| Untracked 
|  47|0x00000000c2f00000, 0x00000000c2f00000, 0x00000000c3000000|  0%| F|  |TAMS 0x00000000c2f00000, 0x00000000c2f00000| Untracked 
|  48|0x00000000c3000000, 0x00000000c3000000, 0x00000000c3100000|  0%| F|  |TAMS 0x00000000c3000000, 0x00000000c3000000| Untracked 
|  49|0x00000000c3100000, 0x00000000c3100000, 0x00000000c3200000|  0%| F|  |TAMS 0x00000000c3100000, 0x00000000c3100000| Untracked 
|  50|0x00000000c3200000, 0x00000000c3200000, 0x00000000c3300000|  0%| F|  |TAMS 0x00000000c3200000, 0x00000000c3200000| Untracked 
|  51|0x00000000c3300000, 0x00000000c3300000, 0x00000000c3400000|  0%| F|  |TAMS 0x00000000c3300000, 0x00000000c3300000| Untracked 
|  52|0x00000000c3400000, 0x00000000c3400000, 0x00000000c3500000|  0%| F|  |TAMS 0x00000000c3400000, 0x00000000c3400000| Untracked 
|  53|0x00000000c3500000, 0x00000000c3500000, 0x00000000c3600000|  0%| F|  |TAMS 0x00000000c3500000, 0x00000000c3500000| Untracked 
|  54|0x00000000c3600000, 0x00000000c3600000, 0x00000000c3700000|  0%| F|  |TAMS 0x00000000c3600000, 0x00000000c3600000| Untracked 
|  55|0x00000000c3700000, 0x00000000c3700000, 0x00000000c3800000|  0%| F|  |TAMS 0x00000000c3700000, 0x00000000c3700000| Untracked 
|  56|0x00000000c3800000, 0x00000000c3800000, 0x00000000c3900000|  0%| F|  |TAMS 0x00000000c3800000, 0x00000000c3800000| Untracked 
|  57|0x00000000c3900000, 0x00000000c3900000, 0x00000000c3a00000|  0%| F|  |TAMS 0x00000000c3900000, 0x00000000c3900000| Untracked 
|  58|0x00000000c3a00000, 0x00000000c3a00000, 0x00000000c3b00000|  0%| F|  |TAMS 0x00000000c3a00000, 0x00000000c3a00000| Untracked 
|  59|0x00000000c3b00000, 0x00000000c3b00000, 0x00000000c3c00000|  0%| F|  |TAMS 0x00000000c3b00000, 0x00000000c3b00000| Untracked 
|  60|0x00000000c3c00000, 0x00000000c3c00000, 0x00000000c3d00000|  0%| F|  |TAMS 0x00000000c3c00000, 0x00000000c3c00000| Untracked 
|  61|0x00000000c3d00000, 0x00000000c3d00000, 0x00000000c3e00000|  0%| F|  |TAMS 0x00000000c3d00000, 0x00000000c3d00000| Untracked 
|  62|0x00000000c3e00000, 0x00000000c3e00000, 0x00000000c3f00000|  0%| F|  |TAMS 0x00000000c3e00000, 0x00000000c3e00000| Untracked 
|  63|0x00000000c3f00000, 0x00000000c3f00000, 0x00000000c4000000|  0%| F|  |TAMS 0x00000000c3f00000, 0x00000000c3f00000| Untracked 
|  64|0x00000000c4000000, 0x00000000c4000000, 0x00000000c4100000|  0%| F|  |TAMS 0x00000000c4000000, 0x00000000c4000000| Untracked 
|  65|0x00000000c4100000, 0x00000000c4100000, 0x00000000c4200000|  0%| F|  |TAMS 0x00000000c4100000, 0x00000000c4100000| Untracked 
|  66|0x00000000c4200000, 0x00000000c4200000, 0x00000000c4300000|  0%| F|  |TAMS 0x00000000c4200000, 0x00000000c4200000| Untracked 
|  67|0x00000000c4300000, 0x00000000c4300000, 0x00000000c4400000|  0%| F|  |TAMS 0x00000000c4300000, 0x00000000c4300000| Untracked 
|  68|0x00000000c4400000, 0x00000000c4400000, 0x00000000c4500000|  0%| F|  |TAMS 0x00000000c4400000, 0x00000000c4400000| Untracked 
|  69|0x00000000c4500000, 0x00000000c4500000, 0x00000000c4600000|  0%| F|  |TAMS 0x00000000c4500000, 0x00000000c4500000| Untracked 
|  70|0x00000000c4600000, 0x00000000c4600000, 0x00000000c4700000|  0%| F|  |TAMS 0x00000000c4600000, 0x00000000c4600000| Untracked 
|  71|0x00000000c4700000, 0x00000000c4700000, 0x00000000c4800000|  0%| F|  |TAMS 0x00000000c4700000, 0x00000000c4700000| Untracked 
|  72|0x00000000c4800000, 0x00000000c4800000, 0x00000000c4900000|  0%| F|  |TAMS 0x00000000c4800000, 0x00000000c4800000| Untracked 
|  73|0x00000000c4900000, 0x00000000c4900000, 0x00000000c4a00000|  0%| F|  |TAMS 0x00000000c4900000, 0x00000000c4900000| Untracked 
|  74|0x00000000c4a00000, 0x00000000c4a00000, 0x00000000c4b00000|  0%| F|  |TAMS 0x00000000c4a00000, 0x00000000c4a00000| Untracked 
|  75|0x00000000c4b00000, 0x00000000c4b00000, 0x00000000c4c00000|  0%| F|  |TAMS 0x00000000c4b00000, 0x00000000c4b00000| Untracked 
|  76|0x00000000c4c00000, 0x00000000c4c00000, 0x00000000c4d00000|  0%| F|  |TAMS 0x00000000c4c00000, 0x00000000c4c00000| Untracked 
|  77|0x00000000c4d00000, 0x00000000c4d00000, 0x00000000c4e00000|  0%| F|  |TAMS 0x00000000c4d00000, 0x00000000c4d00000| Untracked 
|  78|0x00000000c4e00000, 0x00000000c4e00000, 0x00000000c4f00000|  0%| F|  |TAMS 0x00000000c4e00000, 0x00000000c4e00000| Untracked 
|  79|0x00000000c4f00000, 0x00000000c4f00000, 0x00000000c5000000|  0%| F|  |TAMS 0x00000000c4f00000, 0x00000000c4f00000| Untracked 
|  80|0x00000000c5000000, 0x00000000c5000000, 0x00000000c5100000|  0%| F|  |TAMS 0x00000000c5000000, 0x00000000c5000000| Untracked 
|  81|0x00000000c5100000, 0x00000000c5100000, 0x00000000c5200000|  0%| F|  |TAMS 0x00000000c5100000, 0x00000000c5100000| Untracked 
|  82|0x00000000c5200000, 0x00000000c5200000, 0x00000000c5300000|  0%| F|  |TAMS 0x00000000c5200000, 0x00000000c5200000| Untracked 
|  83|0x00000000c5300000, 0x00000000c5300000, 0x00000000c5400000|  0%| F|  |TAMS 0x00000000c5300000, 0x00000000c5300000| Untracked 
|  84|0x00000000c5400000, 0x00000000c5400000, 0x00000000c5500000|  0%| F|  |TAMS 0x00000000c5400000, 0x00000000c5400000| Untracked 
|  85|0x00000000c5500000, 0x00000000c5500000, 0x00000000c5600000|  0%| F|  |TAMS 0x00000000c5500000, 0x00000000c5500000| Untracked 
|  86|0x00000000c5600000, 0x00000000c5600000, 0x00000000c5700000|  0%| F|  |TAMS 0x00000000c5600000, 0x00000000c5600000| Untracked 
|  87|0x00000000c5700000, 0x00000000c5700000, 0x00000000c5800000|  0%| F|  |TAMS 0x00000000c5700000, 0x00000000c5700000| Untracked 
|  88|0x00000000c5800000, 0x00000000c5800000, 0x00000000c5900000|  0%| F|  |TAMS 0x00000000c5800000, 0x00000000c5800000| Untracked 
|  89|0x00000000c5900000, 0x00000000c5900000, 0x00000000c5a00000|  0%| F|  |TAMS 0x00000000c5900000, 0x00000000c5900000| Untracked 
|  90|0x00000000c5a00000, 0x00000000c5a00000, 0x00000000c5b00000|  0%| F|  |TAMS 0x00000000c5a00000, 0x00000000c5a00000| Untracked 
|  91|0x00000000c5b00000, 0x00000000c5b00000, 0x00000000c5c00000|  0%| F|  |TAMS 0x00000000c5b00000, 0x00000000c5b00000| Untracked 
|  92|0x00000000c5c00000, 0x00000000c5c00000, 0x00000000c5d00000|  0%| F|  |TAMS 0x00000000c5c00000, 0x00000000c5c00000| Untracked 
|  93|0x00000000c5d00000, 0x00000000c5d00000, 0x00000000c5e00000|  0%| F|  |TAMS 0x00000000c5d00000, 0x00000000c5d00000| Untracked 
|  94|0x00000000c5e00000, 0x00000000c5e00000, 0x00000000c5f00000|  0%| F|  |TAMS 0x00000000c5e00000, 0x00000000c5e00000| Untracked 
|  95|0x00000000c5f00000, 0x00000000c5f00000, 0x00000000c6000000|  0%| F|  |TAMS 0x00000000c5f00000, 0x00000000c5f00000| Untracked 
|  96|0x00000000c6000000, 0x00000000c6000000, 0x00000000c6100000|  0%| F|  |TAMS 0x00000000c6000000, 0x00000000c6000000| Untracked 
|  97|0x00000000c6100000, 0x00000000c6100000, 0x00000000c6200000|  0%| F|  |TAMS 0x00000000c6100000, 0x00000000c6100000| Untracked 
|  98|0x00000000c6200000, 0x00000000c6200000, 0x00000000c6300000|  0%| F|  |TAMS 0x00000000c6200000, 0x00000000c6200000| Untracked 
|  99|0x00000000c6300000, 0x00000000c6300000, 0x00000000c6400000|  0%| F|  |TAMS 0x00000000c6300000, 0x00000000c6300000| Untracked 
| 100|0x00000000c6400000, 0x00000000c6400000, 0x00000000c6500000|  0%| F|  |TAMS 0x00000000c6400000, 0x00000000c6400000| Untracked 
| 101|0x00000000c6500000, 0x00000000c6500000, 0x00000000c6600000|  0%| F|  |TAMS 0x00000000c6500000, 0x00000000c6500000| Untracked 
| 102|0x00000000c6600000, 0x00000000c6600000, 0x00000000c6700000|  0%| F|  |TAMS 0x00000000c6600000, 0x00000000c6600000| Untracked 
| 103|0x00000000c6700000, 0x00000000c6700000, 0x00000000c6800000|  0%| F|  |TAMS 0x00000000c6700000, 0x00000000c6700000| Untracked 
| 104|0x00000000c6800000, 0x00000000c6800000, 0x00000000c6900000|  0%| F|  |TAMS 0x00000000c6800000, 0x00000000c6800000| Untracked 
| 105|0x00000000c6900000, 0x00000000c6900000, 0x00000000c6a00000|  0%| F|  |TAMS 0x00000000c6900000, 0x00000000c6900000| Untracked 
| 106|0x00000000c6a00000, 0x00000000c6a00000, 0x00000000c6b00000|  0%| F|  |TAMS 0x00000000c6a00000, 0x00000000c6a00000| Untracked 
| 107|0x00000000c6b00000, 0x00000000c6b00000, 0x00000000c6c00000|  0%| F|  |TAMS 0x00000000c6b00000, 0x00000000c6b00000| Untracked 
| 108|0x00000000c6c00000, 0x00000000c6c00000, 0x00000000c6d00000|  0%| F|  |TAMS 0x00000000c6c00000, 0x00000000c6c00000| Untracked 
| 109|0x00000000c6d00000, 0x00000000c6d00000, 0x00000000c6e00000|  0%| F|  |TAMS 0x00000000c6d00000, 0x00000000c6d00000| Untracked 
| 110|0x00000000c6e00000, 0x00000000c6e00000, 0x00000000c6f00000|  0%| F|  |TAMS 0x00000000c6e00000, 0x00000000c6e00000| Untracked 
| 111|0x00000000c6f00000, 0x00000000c6f00000, 0x00000000c7000000|  0%| F|  |TAMS 0x00000000c6f00000, 0x00000000c6f00000| Untracked 
| 112|0x00000000c7000000, 0x00000000c7000000, 0x00000000c7100000|  0%| F|  |TAMS 0x00000000c7000000, 0x00000000c7000000| Untracked 
| 113|0x00000000c7100000, 0x00000000c711ef38, 0x00000000c7200000| 12%| E|  |TAMS 0x00000000c7100000, 0x00000000c7100000| Complete 

Card table byte_map: [0x000001e0ccab0000,0x000001e0cccb0000] _byte_map_base: 0x000001e0cc4b0000

Marking Bits (Prev, Next): (CMBitMap*) 0x000001e0c6e71690, (CMBitMap*) 0x000001e0c6e71650
 Prev Bits: [0x000001e0cdeb0000, 0x000001e0ceeb0000)
 Next Bits: [0x000001e0cceb0000, 0x000001e0cdeb0000)

Polling page: 0x000001e0c4da0000

Metaspace:

Usage:
  Non-class:     47.35 MB used.
      Class:      7.85 MB used.
       Both:     55.20 MB used.

Virtual space:
  Non-class space:       64.00 MB reserved,      47.81 MB ( 75%) committed,  1 nodes.
      Class space:        1.00 GB reserved,       8.12 MB ( <1%) committed,  1 nodes.
             Both:        1.06 GB reserved,      55.94 MB (  5%) committed. 

Chunk freelists:
   Non-Class:  15.81 MB
       Class:  7.93 MB
        Both:  23.74 MB

MaxMetaspaceSize: unlimited
CompressedClassSpaceSize: 1.00 GB
Initial GC threshold: 21.00 MB
Current GC threshold: 93.25 MB
CDS: off
MetaspaceReclaimPolicy: balanced
 - commit_granule_bytes: 65536.
 - commit_granule_words: 8192.
 - virtual_space_node_default_size: 8388608.
 - enlarge_chunks_in_place: 1.
 - new_chunks_are_fully_committed: 0.
 - uncommit_free_chunks: 1.
 - use_allocation_guard: 0.
 - handle_deallocations: 1.


Internal statistics:

num_allocs_failed_limit: 6.
num_arena_births: 662.
num_arena_deaths: 222.
num_vsnodes_births: 2.
num_vsnodes_deaths: 0.
num_space_committed: 895.
num_space_uncommitted: 0.
num_chunks_returned_to_freelist: 277.
num_chunks_taken_from_freelist: 2423.
num_chunk_merges: 94.
num_chunk_splits: 1680.
num_chunks_enlarged: 1262.
num_inconsistent_stats: 0.

CodeCache: size=49152Kb used=14299Kb max_used=14733Kb free=34852Kb
 bounds [0x000001e0c9ab0000, 0x000001e0ca920000, 0x000001e0ccab0000]
 total_blobs=8465 nmethods=7848 adapters=544
 compilation: enabled
              stopped_count=0, restarted_count=0
 full_count=0

Compilation events (20 events):
Event: 13030.576 Thread 0x000001e0d141d820 7841       1       java.lang.invoke.Invokers$Holder::linkToTargetMethod (9 bytes)
Event: 13030.576 Thread 0x000001e0d141d820 nmethod 7841 0x000001e0ca572490 code [0x000001e0ca572640, 0x000001e0ca572758]
Event: 13030.576 Thread 0x000001e0d141d820 7842       1       java.lang.invoke.LambdaForm$DMH/0x000000010082c400::newInvokeSpecial (23 bytes)
Event: 13030.576 Thread 0x000001e0d141d820 nmethod 7842 0x000001e0ca572010 code [0x000001e0ca5721c0, 0x000001e0ca572348]
Event: 13030.704 Thread 0x000001e0d141d820 7843   !   1       java.io.FilterOutputStream::close (183 bytes)
Event: 13030.763 Thread 0x000001e0d141d820 nmethod 7843 0x000001e0ca571290 code [0x000001e0ca5714a0, 0x000001e0ca571978]
Event: 13030.764 Thread 0x000001e0d141d820 7844   !   1       java.io.FileOutputStream::close (69 bytes)
Event: 13030.764 Thread 0x000001e0d141d820 nmethod 7844 0x000001e0ca570c10 code [0x000001e0ca570de0, 0x000001e0ca571158]
Event: 13030.764 Thread 0x000001e0d141d820 7845       1       java.io.FileOutputStream$1::<init> (10 bytes)
Event: 13030.764 Thread 0x000001e0d141d820 nmethod 7845 0x000001e0ca570910 code [0x000001e0ca570aa0, 0x000001e0ca570bb8]
Event: 13030.764 Thread 0x000001e0d141d820 7848       1       java.lang.ProcessImpl$$Lambda$956/0x00000001006665e8::run (8 bytes)
Event: 13030.764 Thread 0x000001e0d141d820 nmethod 7848 0x000001e0ca570610 code [0x000001e0ca5707a0, 0x000001e0ca570888]
Event: 13030.764 Thread 0x000001e0d141d820 7849       1       java.lang.ProcessImpl::lambda$new$0 (6 bytes)
Event: 13030.764 Thread 0x000001e0d141d820 nmethod 7849 0x000001e0ca570310 code [0x000001e0ca5704a0, 0x000001e0ca570568]
Event: 13030.764 Thread 0x000001e0d141d820 7846       1       java.io.FileOutputStream$1::close (11 bytes)
Event: 13030.765 Thread 0x000001e0d141d820 nmethod 7846 0x000001e0ca56fc90 code [0x000001e0ca56fe40, 0x000001e0ca570158]
Event: 14338.557 Thread 0x000001e0d141d820 7851       1       java.lang.ProcessImpl$2::run (242 bytes)
Event: 14338.558 Thread 0x000001e0d141d820 nmethod 7851 0x000001e0ca56de10 code [0x000001e0ca56e0c0, 0x000001e0ca56ee58]
Event: 14338.558 Thread 0x000001e0d141d820 7852       1       java.lang.ProcessImpl::waitFor (136 bytes)
Event: 14338.558 Thread 0x000001e0d141d820 nmethod 7852 0x000001e0ca56d590 code [0x000001e0ca56d7a0, 0x000001e0ca56dbb8]

GC Heap History (20 events):
Event: 17751.562 GC heap before
{Heap before GC invocations=816 (full 717):
 garbage-first heap   total 116736K, used 34616K [0x00000000c0000000, 0x0000000100000000)
  region size 1024K, 1 young (1024K), 0 survivors (0K)
 Metaspace       used 56529K, committed 57280K, reserved 1114112K
  class space    used 8038K, committed 8320K, reserved 1048576K
}
Event: 17751.626 GC heap after
{Heap after GC invocations=817 (full 718):
 garbage-first heap   total 116736K, used 34616K [0x00000000c0000000, 0x0000000100000000)
  region size 1024K, 0 young (0K), 0 survivors (0K)
 Metaspace       used 56529K, committed 57280K, reserved 1114112K
  class space    used 8038K, committed 8320K, reserved 1048576K
}
Event: 17761.786 GC heap before
{Heap before GC invocations=817 (full 718):
 garbage-first heap   total 116736K, used 34616K [0x00000000c0000000, 0x0000000100000000)
  region size 1024K, 1 young (1024K), 0 survivors (0K)
 Metaspace       used 56529K, committed 57280K, reserved 1114112K
  class space    used 8038K, committed 8320K, reserved 1048576K
}
Event: 17761.838 GC heap after
{Heap after GC invocations=818 (full 719):
 garbage-first heap   total 116736K, used 34616K [0x00000000c0000000, 0x0000000100000000)
  region size 1024K, 0 young (0K), 0 survivors (0K)
 Metaspace       used 56529K, committed 57280K, reserved 1114112K
  class space    used 8038K, committed 8320K, reserved 1048576K
}
Event: 17771.980 GC heap before
{Heap before GC invocations=818 (full 719):
 garbage-first heap   total 116736K, used 34616K [0x00000000c0000000, 0x0000000100000000)
  region size 1024K, 1 young (1024K), 0 survivors (0K)
 Metaspace       used 56529K, committed 57280K, reserved 1114112K
  class space    used 8038K, committed 8320K, reserved 1048576K
}
Event: 17772.035 GC heap after
{Heap after GC invocations=819 (full 720):
 garbage-first heap   total 116736K, used 34616K [0x00000000c0000000, 0x0000000100000000)
  region size 1024K, 0 young (0K), 0 survivors (0K)
 Metaspace       used 56529K, committed 57280K, reserved 1114112K
  class space    used 8038K, committed 8320K, reserved 1048576K
}
Event: 17782.194 GC heap before
{Heap before GC invocations=819 (full 720):
 garbage-first heap   total 116736K, used 34616K [0x00000000c0000000, 0x0000000100000000)
  region size 1024K, 1 young (1024K), 0 survivors (0K)
 Metaspace       used 56529K, committed 57280K, reserved 1114112K
  class space    used 8038K, committed 8320K, reserved 1048576K
}
Event: 17782.248 GC heap after
{Heap after GC invocations=820 (full 721):
 garbage-first heap   total 116736K, used 34616K [0x00000000c0000000, 0x0000000100000000)
  region size 1024K, 0 young (0K), 0 survivors (0K)
 Metaspace       used 56529K, committed 57280K, reserved 1114112K
  class space    used 8038K, committed 8320K, reserved 1048576K
}
Event: 17792.401 GC heap before
{Heap before GC invocations=820 (full 721):
 garbage-first heap   total 116736K, used 34616K [0x00000000c0000000, 0x0000000100000000)
  region size 1024K, 1 young (1024K), 0 survivors (0K)
 Metaspace       used 56529K, committed 57280K, reserved 1114112K
  class space    used 8038K, committed 8320K, reserved 1048576K
}
Event: 17792.455 GC heap after
{Heap after GC invocations=821 (full 722):
 garbage-first heap   total 116736K, used 34616K [0x00000000c0000000, 0x0000000100000000)
  region size 1024K, 0 young (0K), 0 survivors (0K)
 Metaspace       used 56529K, committed 57280K, reserved 1114112K
  class space    used 8038K, committed 8320K, reserved 1048576K
}
Event: 17802.620 GC heap before
{Heap before GC invocations=821 (full 722):
 garbage-first heap   total 116736K, used 34616K [0x00000000c0000000, 0x0000000100000000)
  region size 1024K, 1 young (1024K), 0 survivors (0K)
 Metaspace       used 56529K, committed 57280K, reserved 1114112K
  class space    used 8038K, committed 8320K, reserved 1048576K
}
Event: 17802.672 GC heap after
{Heap after GC invocations=822 (full 723):
 garbage-first heap   total 116736K, used 34616K [0x00000000c0000000, 0x0000000100000000)
  region size 1024K, 0 young (0K), 0 survivors (0K)
 Metaspace       used 56529K, committed 57280K, reserved 1114112K
  class space    used 8038K, committed 8320K, reserved 1048576K
}
Event: 17813.011 GC heap before
{Heap before GC invocations=822 (full 723):
 garbage-first heap   total 116736K, used 34616K [0x00000000c0000000, 0x0000000100000000)
  region size 1024K, 1 young (1024K), 0 survivors (0K)
 Metaspace       used 56529K, committed 57280K, reserved 1114112K
  class space    used 8038K, committed 8320K, reserved 1048576K
}
Event: 17813.074 GC heap after
{Heap after GC invocations=823 (full 724):
 garbage-first heap   total 116736K, used 34616K [0x00000000c0000000, 0x0000000100000000)
  region size 1024K, 0 young (0K), 0 survivors (0K)
 Metaspace       used 56529K, committed 57280K, reserved 1114112K
  class space    used 8038K, committed 8320K, reserved 1048576K
}
Event: 17823.227 GC heap before
{Heap before GC invocations=823 (full 724):
 garbage-first heap   total 116736K, used 34616K [0x00000000c0000000, 0x0000000100000000)
  region size 1024K, 1 young (1024K), 0 survivors (0K)
 Metaspace       used 56529K, committed 57280K, reserved 1114112K
  class space    used 8038K, committed 8320K, reserved 1048576K
}
Event: 17823.282 GC heap after
{Heap after GC invocations=824 (full 725):
 garbage-first heap   total 116736K, used 34616K [0x00000000c0000000, 0x0000000100000000)
  region size 1024K, 0 young (0K), 0 survivors (0K)
 Metaspace       used 56529K, committed 57280K, reserved 1114112K
  class space    used 8038K, committed 8320K, reserved 1048576K
}
Event: 17833.425 GC heap before
{Heap before GC invocations=824 (full 725):
 garbage-first heap   total 116736K, used 34616K [0x00000000c0000000, 0x0000000100000000)
  region size 1024K, 1 young (1024K), 0 survivors (0K)
 Metaspace       used 56529K, committed 57280K, reserved 1114112K
  class space    used 8038K, committed 8320K, reserved 1048576K
}
Event: 17833.481 GC heap after
{Heap after GC invocations=825 (full 726):
 garbage-first heap   total 116736K, used 34616K [0x00000000c0000000, 0x0000000100000000)
  region size 1024K, 0 young (0K), 0 survivors (0K)
 Metaspace       used 56529K, committed 57280K, reserved 1114112K
  class space    used 8038K, committed 8320K, reserved 1048576K
}
Event: 17843.634 GC heap before
{Heap before GC invocations=825 (full 726):
 garbage-first heap   total 116736K, used 34616K [0x00000000c0000000, 0x0000000100000000)
  region size 1024K, 1 young (1024K), 0 survivors (0K)
 Metaspace       used 56529K, committed 57280K, reserved 1114112K
  class space    used 8038K, committed 8320K, reserved 1048576K
}
Event: 17843.686 GC heap after
{Heap after GC invocations=826 (full 727):
 garbage-first heap   total 116736K, used 34616K [0x00000000c0000000, 0x0000000100000000)
  region size 1024K, 0 young (0K), 0 survivors (0K)
 Metaspace       used 56529K, committed 57280K, reserved 1114112K
  class space    used 8038K, committed 8320K, reserved 1048576K
}

Dll operation events (9 events):
Event: 0.027 Loaded shared library c:\Users\LtCol(Dr)HHLKFernand\.vscode\extensions\redhat.java-1.21.0-win32-x64\jre\17.0.7-win32-x86_64\bin\java.dll
Event: 3.000 Loaded shared library C:\Users\LtCol(Dr)HHLKFernand\.vscode\extensions\redhat.java-1.21.0-win32-x64\jre\17.0.7-win32-x86_64\bin\net.dll
Event: 3.002 Loaded shared library C:\Users\LtCol(Dr)HHLKFernand\.vscode\extensions\redhat.java-1.21.0-win32-x64\jre\17.0.7-win32-x86_64\bin\nio.dll
Event: 3.014 Loaded shared library C:\Users\LtCol(Dr)HHLKFernand\.vscode\extensions\redhat.java-1.21.0-win32-x64\jre\17.0.7-win32-x86_64\bin\zip.dll
Event: 8.260 Loaded shared library C:\Users\LtCol(Dr)HHLKFernand\.vscode\extensions\redhat.java-1.21.0-win32-x64\jre\17.0.7-win32-x86_64\bin\jimage.dll
Event: 35.029 Loaded shared library C:\Users\LtCol(Dr)HHLKFernand\.vscode\extensions\redhat.java-1.21.0-win32-x64\jre\17.0.7-win32-x86_64\bin\management.dll
Event: 35.068 Loaded shared library C:\Users\LtCol(Dr)HHLKFernand\.vscode\extensions\redhat.java-1.21.0-win32-x64\jre\17.0.7-win32-x86_64\bin\management_ext.dll
Event: 38.917 Loaded shared library C:\Users\LtCol(Dr)HHLKFernand\.vscode\extensions\redhat.java-1.21.0-win32-x64\jre\17.0.7-win32-x86_64\bin\sunmscapi.dll
Event: 68.443 Loaded shared library c:\Users\LtCol(Dr)HHLKFernand\.vscode\extensions\redhat.java-1.21.0-win32-x64\jre\17.0.7-win32-x86_64\bin\verify.dll

Deoptimization events (20 events):
Event: 36.516 Thread 0x000001e0d72ecd90 DEOPT PACKING pc=0x000001e0c9fe0681 sp=0x000000482ddfef30
Event: 36.516 Thread 0x000001e0d72ecd90 DEOPT UNPACKING pc=0x000001e0c9b07143 sp=0x000000482ddfe3c0 mode 3
Event: 36.565 Thread 0x000001e0d6eb4030 DEOPT PACKING pc=0x000001e0c9fc3397 sp=0x000000482d7ff3e0
Event: 36.565 Thread 0x000001e0d6eb4030 DEOPT UNPACKING pc=0x000001e0c9b07143 sp=0x000000482d7fe838 mode 3
Event: 37.769 Thread 0x000001e0d7b88ef0 DEOPT PACKING pc=0x000001e0c9c9c00c sp=0x000000482ebfe850
Event: 37.769 Thread 0x000001e0d7b88ef0 DEOPT UNPACKING pc=0x000001e0c9b07143 sp=0x000000482ebfdd18 mode 0
Event: 72.652 Thread 0x000001e0d72edc00 DEOPT PACKING pc=0x000001e0ca8a2994 sp=0x000000482dbfdad0
Event: 72.652 Thread 0x000001e0d72edc00 DEOPT UNPACKING pc=0x000001e0c9b07143 sp=0x000000482dbfd000 mode 0
Event: 72.652 Thread 0x000001e0d72edc00 DEOPT PACKING pc=0x000001e0ca8ccf1c sp=0x000000482dbfdd00
Event: 72.652 Thread 0x000001e0d72edc00 DEOPT UNPACKING pc=0x000001e0c9b07143 sp=0x000000482dbfd208 mode 0
Event: 72.652 Thread 0x000001e0d72edc00 DEOPT PACKING pc=0x000001e0ca85bff4 sp=0x000000482dbfddf0
Event: 72.652 Thread 0x000001e0d72edc00 DEOPT UNPACKING pc=0x000001e0c9b07143 sp=0x000000482dbfd2e8 mode 0
Event: 72.653 Thread 0x000001e0d72edc00 DEOPT PACKING pc=0x000001e0ca831574 sp=0x000000482dbfdec0
Event: 72.653 Thread 0x000001e0d72edc00 DEOPT UNPACKING pc=0x000001e0c9b07143 sp=0x000000482dbfd398 mode 0
Event: 72.653 Thread 0x000001e0d72edc00 DEOPT PACKING pc=0x000001e0ca82e224 sp=0x000000482dbfdf70
Event: 72.653 Thread 0x000001e0d72edc00 DEOPT UNPACKING pc=0x000001e0c9b07143 sp=0x000000482dbfd4f0 mode 0
Event: 72.654 Thread 0x000001e0d72edc00 DEOPT PACKING pc=0x000001e0ca818f2c sp=0x000000482dbfe290
Event: 72.654 Thread 0x000001e0d72edc00 DEOPT UNPACKING pc=0x000001e0c9b07143 sp=0x000000482dbfd720 mode 0
Event: 539.716 Thread 0x000001e0d6e18840 DEOPT PACKING pc=0x000001e0ca0a1254 sp=0x000000482d6feeb0
Event: 539.716 Thread 0x000001e0d6e18840 DEOPT UNPACKING pc=0x000001e0c9b07143 sp=0x000000482d6fe358 mode 0

Classes unloaded (20 events):
Event: 177.034 Thread 0x000001e0d13ca1c0 Unloading class 0x000000010080ec00 'jdk/internal/reflect/GeneratedConstructorAccessor51'
Event: 177.034 Thread 0x000001e0d13ca1c0 Unloading class 0x000000010080e800 'jdk/internal/reflect/GeneratedConstructorAccessor50'
Event: 177.034 Thread 0x000001e0d13ca1c0 Unloading class 0x000000010080e400 'jdk/internal/reflect/GeneratedConstructorAccessor49'
Event: 177.034 Thread 0x000001e0d13ca1c0 Unloading class 0x000000010080e000 'jdk/internal/reflect/GeneratedConstructorAccessor48'
Event: 177.034 Thread 0x000001e0d13ca1c0 Unloading class 0x000000010080dc00 'jdk/internal/reflect/GeneratedConstructorAccessor47'
Event: 177.034 Thread 0x000001e0d13ca1c0 Unloading class 0x000000010080d800 'jdk/internal/reflect/GeneratedConstructorAccessor46'
Event: 177.034 Thread 0x000001e0d13ca1c0 Unloading class 0x000000010080d400 'jdk/internal/reflect/GeneratedConstructorAccessor45'
Event: 177.034 Thread 0x000001e0d13ca1c0 Unloading class 0x000000010080d000 'jdk/internal/reflect/GeneratedConstructorAccessor44'
Event: 177.034 Thread 0x000001e0d13ca1c0 Unloading class 0x000000010080cc00 'jdk/internal/reflect/GeneratedConstructorAccessor43'
Event: 177.034 Thread 0x000001e0d13ca1c0 Unloading class 0x000000010080c800 'jdk/internal/reflect/GeneratedConstructorAccessor42'
Event: 177.034 Thread 0x000001e0d13ca1c0 Unloading class 0x000000010008b800 'java/lang/invoke/LambdaForm$MH+0x000000010008b800'
Event: 177.034 Thread 0x000001e0d13ca1c0 Unloading class 0x000000010008b400 'java/lang/invoke/LambdaForm$MH+0x000000010008b400'
Event: 177.034 Thread 0x000001e0d13ca1c0 Unloading class 0x000000010008b000 'java/lang/invoke/LambdaForm$MH+0x000000010008b000'
Event: 177.034 Thread 0x000001e0d13ca1c0 Unloading class 0x000000010008ac00 'java/lang/invoke/LambdaForm$MH+0x000000010008ac00'
Event: 177.034 Thread 0x000001e0d13ca1c0 Unloading class 0x000000010008a800 'java/lang/invoke/LambdaForm$MH+0x000000010008a800'
Event: 177.034 Thread 0x000001e0d13ca1c0 Unloading class 0x000000010008a400 'java/lang/invoke/LambdaForm$MH+0x000000010008a400'
Event: 177.034 Thread 0x000001e0d13ca1c0 Unloading class 0x0000000100089c00 'java/lang/invoke/LambdaForm$MH+0x0000000100089c00'
Event: 177.034 Thread 0x000001e0d13ca1c0 Unloading class 0x0000000100089400 'java/lang/invoke/LambdaForm$MH+0x0000000100089400'
Event: 177.034 Thread 0x000001e0d13ca1c0 Unloading class 0x0000000100088c00 'java/lang/invoke/LambdaForm$MH+0x0000000100088c00'
Event: 177.034 Thread 0x000001e0d13ca1c0 Unloading class 0x0000000100088400 'java/lang/invoke/LambdaForm$MH+0x0000000100088400'

Classes redefined (0 events):
No events

Internal exceptions (20 events):
Event: 66.968 Thread 0x000001e0d7b89890 Exception <a 'sun/nio/fs/WindowsException'{0x00000000e5c8f040}> (0x00000000e5c8f040) 
thrown [s\src\hotspot\share\prims\jni.cpp, line 516]
Event: 66.968 Thread 0x000001e0d7b89890 Exception <a 'sun/nio/fs/WindowsException'{0x00000000e5c8f440}> (0x00000000e5c8f440) 
thrown [s\src\hotspot\share\prims\jni.cpp, line 516]
Event: 66.968 Thread 0x000001e0d7b89890 Exception <a 'sun/nio/fs/WindowsException'{0x00000000e5c8fe98}> (0x00000000e5c8fe98) 
thrown [s\src\hotspot\share\prims\jni.cpp, line 516]
Event: 66.968 Thread 0x000001e0d7b89890 Exception <a 'sun/nio/fs/WindowsException'{0x00000000e5c902a8}> (0x00000000e5c902a8) 
thrown [s\src\hotspot\share\prims\jni.cpp, line 516]
Event: 66.968 Thread 0x000001e0d7b89890 Exception <a 'sun/nio/fs/WindowsException'{0x00000000e5c90d18}> (0x00000000e5c90d18) 
thrown [s\src\hotspot\share\prims\jni.cpp, line 516]
Event: 66.968 Thread 0x000001e0d7b89890 Exception <a 'sun/nio/fs/WindowsException'{0x00000000e5c91148}> (0x00000000e5c91148) 
thrown [s\src\hotspot\share\prims\jni.cpp, line 516]
Event: 66.969 Thread 0x000001e0d7b89890 Exception <a 'sun/nio/fs/WindowsException'{0x00000000e5c91bd0}> (0x00000000e5c91bd0) 
thrown [s\src\hotspot\share\prims\jni.cpp, line 516]
Event: 66.969 Thread 0x000001e0d7b89890 Exception <a 'sun/nio/fs/WindowsException'{0x00000000e5c92018}> (0x00000000e5c92018) 
thrown [s\src\hotspot\share\prims\jni.cpp, line 516]
Event: 66.969 Thread 0x000001e0d7b89890 Exception <a 'sun/nio/fs/WindowsException'{0x00000000e5c92a98}> (0x00000000e5c92a98) 
thrown [s\src\hotspot\share\prims\jni.cpp, line 516]
Event: 66.969 Thread 0x000001e0d7b89890 Exception <a 'sun/nio/fs/WindowsException'{0x00000000e5c92ed8}> (0x00000000e5c92ed8) 
thrown [s\src\hotspot\share\prims\jni.cpp, line 516]
Event: 66.972 Thread 0x000001e0d7b89890 Exception <a 'java/lang/NoSuchMethodError'{0x00000000e5c9b8f8}: 'java.lang.Object java.lang.invoke.Invokers$Holder.invoke_MT(java.lang.Object, java.lang.Object, java.lang.Object)'> (0x00000000e5c9b8f8) 
thrown [s\src\hotspot\share\interpreter\linkResolver.cpp, line 759]
Event: 67.313 Thread 0x000001e0d7b88080 Exception <a 'sun/nio/fs/WindowsException'{0x00000000e2bb0d28}> (0x00000000e2bb0d28) 
thrown [s\src\hotspot\share\prims\jni.cpp, line 516]
Event: 67.314 Thread 0x000001e0d7b88080 Exception <a 'sun/nio/fs/WindowsException'{0x00000000e2bb39d0}> (0x00000000e2bb39d0) 
thrown [s\src\hotspot\share\prims\jni.cpp, line 516]
Event: 67.314 Thread 0x000001e0d7b8abd0 Exception <a 'sun/nio/fs/WindowsException'{0x00000000e2b24c88}> (0x00000000e2b24c88) 
thrown [s\src\hotspot\share\prims\jni.cpp, line 516]
Event: 67.314 Thread 0x000001e0d7b88080 Exception <a 'sun/nio/fs/WindowsException'{0x00000000e2bb6630}> (0x00000000e2bb6630) 
thrown [s\src\hotspot\share\prims\jni.cpp, line 516]
Event: 67.316 Thread 0x000001e0d7b88080 Exception <a 'sun/nio/fs/WindowsException'{0x00000000e2bb92d8}> (0x00000000e2bb92d8) 
thrown [s\src\hotspot\share\prims\jni.cpp, line 516]
Event: 67.360 Thread 0x000001e0d7b8abd0 Exception <a 'sun/nio/fs/WindowsException'{0x00000000e2b27930}> (0x00000000e2b27930) 
thrown [s\src\hotspot\share\prims\jni.cpp, line 516]
Event: 67.472 Thread 0x000001e0d72edc00 Exception <a 'java/lang/NoSuchMethodError'{0x00000000e5c39d20}: 'void java.lang.invoke.DirectMethodHandle$Holder.invokeStatic(java.lang.Object, java.lang.Object, java.lang.Object, java.lang.Object, java.lang.Object, java.lang.Object, java.lang.Object)'> (0x00000000e5c39d20) 
thrown [s\src\hotspot\share\interpreter\linkResolver.cpp, line 759]
Event: 105.219 Thread 0x000001e0d717bb80 Exception <a 'java/lang/NoSuchMethodError'{0x00000000f1b02c60}: 'void java.lang.invoke.DirectMethodHandle$Holder.invokeStatic(java.lang.Object, long)'> (0x00000000f1b02c60) 
thrown [s\src\hotspot\share\interpreter\linkResolver.cpp, line 759]
Event: 105.220 Thread 0x000001e0d717bb80 Exception <a 'java/lang/NoSuchMethodError'{0x00000000f1b08008}: 'java.lang.Object java.lang.invoke.DirectMethodHandle$Holder.newInvokeSpecial(java.lang.Object, long)'> (0x00000000f1b08008) 
thrown [s\src\hotspot\share\interpreter\linkResolver.cpp, line 759]

VM Operations (20 events):
Event: 17751.626 Executing VM operation: G1CollectFull done
Event: 17761.785 Executing VM operation: G1CollectFull
Event: 17761.838 Executing VM operation: G1CollectFull done
Event: 17771.979 Executing VM operation: G1CollectFull
Event: 17772.035 Executing VM operation: G1CollectFull done
Event: 17782.193 Executing VM operation: G1CollectFull
Event: 17782.248 Executing VM operation: G1CollectFull done
Event: 17792.401 Executing VM operation: G1CollectFull
Event: 17792.455 Executing VM operation: G1CollectFull done
Event: 17802.620 Executing VM operation: G1CollectFull
Event: 17802.672 Executing VM operation: G1CollectFull done
Event: 17813.011 Executing VM operation: G1CollectFull
Event: 17813.074 Executing VM operation: G1CollectFull done
Event: 17823.227 Executing VM operation: G1CollectFull
Event: 17823.282 Executing VM operation: G1CollectFull done
Event: 17833.425 Executing VM operation: G1CollectFull
Event: 17833.481 Executing VM operation: G1CollectFull done
Event: 17843.634 Executing VM operation: G1CollectFull
Event: 17843.687 Executing VM operation: G1CollectFull done
Event: 17853.766 Executing VM operation: G1CollectFull

Events (20 events):
Event: 105.210 loading class java/lang/ProcessImpl done
Event: 105.220 loading class java/lang/ProcessImpl$2
Event: 105.220 loading class java/lang/ProcessImpl$2 done
Event: 105.220 loading class java/lang/Process$PipeInputStream
Event: 105.220 loading class java/lang/Process$PipeInputStream done
Event: 105.221 loading class jdk/internal/event/ProcessStartEvent
Event: 105.221 loading class jdk/internal/event/ProcessStartEvent done
Event: 105.409 loading class java/io/FileOutputStream$1
Event: 105.410 loading class java/io/FileOutputStream$1 done
Event: 134.007 Thread 0x000001e0d72edc00 Thread exited: 0x000001e0d72edc00
Event: 194.027 Thread 0x000001e0d7b88ef0 Thread exited: 0x000001e0d7b88ef0
Event: 254.029 Thread 0x000001e0d7b893c0 Thread exited: 0x000001e0d7b893c0
Event: 539.718 Thread 0x000001e0d7b88550 Thread added: 0x000001e0d7b88550
Event: 812.308 Thread 0x000001e0d7b88550 Thread exited: 0x000001e0d7b88550
Event: 1367.382 Thread 0x000001e0d7b88550 Thread added: 0x000001e0d7b88550
Event: 1486.984 Thread 0x000001e0d7b88550 Thread exited: 0x000001e0d7b88550
Event: 1624.473 Thread 0x000001e0d7b88550 Thread added: 0x000001e0d7b88550
Event: 1732.506 Thread 0x000001e0d7b88550 Thread exited: 0x000001e0d7b88550
Event: 1831.375 Thread 0x000001e0d7b88a20 Thread added: 0x000001e0d7b88a20
Event: 1932.873 Thread 0x000001e0d7b88a20 Thread exited: 0x000001e0d7b88a20


Dynamic libraries:
0x00007ff742550000 - 0x00007ff74255e000 	c:\Users\LtCol(Dr)HHLKFernand\.vscode\extensions\redhat.java-1.21.0-win32-x64\jre\17.0.7-win32-x86_64\bin\java.exe
0x00007ffca4730000 - 0x00007ffca4944000 	C:\WINDOWS\SYSTEM32\ntdll.dll
0x00007ffca3ba0000 - 0x00007ffca3c64000 	C:\WINDOWS\System32\KERNEL32.DLL
0x00007ffca20d0000 - 0x00007ffca2474000 	C:\WINDOWS\System32\KERNELBASE.dll
0x00007ffca1e50000 - 0x00007ffca1f61000 	C:\WINDOWS\System32\ucrtbase.dll
0x00007ffc8c980000 - 0x00007ffc8c997000 	c:\Users\LtCol(Dr)HHLKFernand\.vscode\extensions\redhat.java-1.21.0-win32-x64\jre\17.0.7-win32-x86_64\bin\jli.dll
0x00007ffca3e50000 - 0x00007ffca3ffa000 	C:\WINDOWS\System32\USER32.dll
0x00007ffca1e20000 - 0x00007ffca1e46000 	C:\WINDOWS\System32\win32u.dll
0x00007ffca42d0000 - 0x00007ffca42f9000 	C:\WINDOWS\System32\GDI32.dll
0x00007ffca1d00000 - 0x00007ffca1e19000 	C:\WINDOWS\System32\gdi32full.dll
0x00007ffca1f70000 - 0x00007ffca200a000 	C:\WINDOWS\System32\msvcp_win.dll
0x00007ffc89670000 - 0x00007ffc89689000 	c:\Users\LtCol(Dr)HHLKFernand\.vscode\extensions\redhat.java-1.21.0-win32-x64\jre\17.0.7-win32-x86_64\bin\VCRUNTIME140.dll
0x00007ffc863b0000 - 0x00007ffc8663f000 	C:\WINDOWS\WinSxS\amd64_microsoft.windows.common-controls_6595b64144ccf1df_6.0.22621.2070_none_2713e6537381f706\COMCTL32.dll
0x00007ffca36f0000 - 0x00007ffca3797000 	C:\WINDOWS\System32\msvcrt.dll
0x00007ffca4460000 - 0x00007ffca4491000 	C:\WINDOWS\System32\IMM32.DLL
0x00007ffc9bf30000 - 0x00007ffc9bf3c000 	c:\Users\LtCol(Dr)HHLKFernand\.vscode\extensions\redhat.java-1.21.0-win32-x64\jre\17.0.7-win32-x86_64\bin\vcruntime140_1.dll
0x00007ffc895d0000 - 0x00007ffc89661000 	c:\Users\LtCol(Dr)HHLKFernand\.vscode\extensions\redhat.java-1.21.0-win32-x64\jre\17.0.7-win32-x86_64\bin\msvcp140.dll
0x00007ffbed2e0000 - 0x00007ffbedf28000 	c:\Users\LtCol(Dr)HHLKFernand\.vscode\extensions\redhat.java-1.21.0-win32-x64\jre\17.0.7-win32-x86_64\bin\server\jvm.dll
0x00007ffca4000000 - 0x00007ffca40b0000 	C:\WINDOWS\System32\ADVAPI32.dll
0x00007ffca2b20000 - 0x00007ffca2bc6000 	C:\WINDOWS\System32\sechost.dll
0x00007ffca41b0000 - 0x00007ffca42c7000 	C:\WINDOWS\System32\RPCRT4.dll
0x00007ffc97200000 - 0x00007ffc97209000 	C:\WINDOWS\SYSTEM32\WSOCK32.dll
0x00007ffca4300000 - 0x00007ffca4371000 	C:\WINDOWS\System32\WS2_32.dll
0x00007ffc98c30000 - 0x00007ffc98c64000 	C:\WINDOWS\SYSTEM32\WINMM.dll
0x00007ffc92840000 - 0x00007ffc9284a000 	C:\WINDOWS\SYSTEM32\VERSION.dll
0x00007ffca0a20000 - 0x00007ffca0a38000 	C:\WINDOWS\SYSTEM32\kernel.appcore.dll
0x00007ffc90a00000 - 0x00007ffc90a0a000 	c:\Users\LtCol(Dr)HHLKFernand\.vscode\extensions\redhat.java-1.21.0-win32-x64\jre\17.0.7-win32-x86_64\bin\jimage.dll
0x00007ffc9f210000 - 0x00007ffc9f43e000 	C:\WINDOWS\SYSTEM32\DBGHELP.DLL
0x00007ffca3810000 - 0x00007ffca3b9a000 	C:\WINDOWS\System32\combase.dll
0x00007ffca4380000 - 0x00007ffca4457000 	C:\WINDOWS\System32\OLEAUT32.dll
0x00007ffc82200000 - 0x00007ffc82232000 	C:\WINDOWS\SYSTEM32\dbgcore.DLL
0x00007ffca1c80000 - 0x00007ffca1cfa000 	C:\WINDOWS\System32\bcryptPrimitives.dll
0x00007ffc895a0000 - 0x00007ffc895c5000 	c:\Users\LtCol(Dr)HHLKFernand\.vscode\extensions\redhat.java-1.21.0-win32-x64\jre\17.0.7-win32-x86_64\bin\java.dll
0x00007ffc89580000 - 0x00007ffc89598000 	c:\Users\LtCol(Dr)HHLKFernand\.vscode\extensions\redhat.java-1.21.0-win32-x64\jre\17.0.7-win32-x86_64\bin\zip.dll
0x00007ffca2bd0000 - 0x00007ffca33e6000 	C:\WINDOWS\System32\SHELL32.dll
0x00007ffc9f7c0000 - 0x00007ffca00aa000 	C:\WINDOWS\SYSTEM32\windows.storage.dll
0x00007ffc9f680000 - 0x00007ffc9f7be000 	C:\WINDOWS\SYSTEM32\wintypes.dll
0x00007ffca3440000 - 0x00007ffca3533000 	C:\WINDOWS\System32\SHCORE.dll
0x00007ffca3560000 - 0x00007ffca35be000 	C:\WINDOWS\System32\shlwapi.dll
0x00007ffca1a40000 - 0x00007ffca1a66000 	C:\WINDOWS\SYSTEM32\profapi.dll
0x00007ffc88ba0000 - 0x00007ffc88bb9000 	C:\Users\LtCol(Dr)HHLKFernand\.vscode\extensions\redhat.java-1.21.0-win32-x64\jre\17.0.7-win32-x86_64\bin\net.dll
0x00007ffca0a40000 - 0x00007ffca0b77000 	C:\WINDOWS\SYSTEM32\WINHTTP.dll
0x00007ffca0fd0000 - 0x00007ffca1039000 	C:\WINDOWS\system32\mswsock.dll
0x00007ffc88b80000 - 0x00007ffc88b95000 	C:\Users\LtCol(Dr)HHLKFernand\.vscode\extensions\redhat.java-1.21.0-win32-x64\jre\17.0.7-win32-x86_64\bin\nio.dll
0x00007ffca1270000 - 0x00007ffca128b000 	C:\WINDOWS\SYSTEM32\CRYPTSP.dll
0x00007ffca0990000 - 0x00007ffca09c5000 	C:\WINDOWS\system32\rsaenh.dll
0x00007ffca1070000 - 0x00007ffca109c000 	C:\WINDOWS\SYSTEM32\USERENV.dll
0x00007ffca1390000 - 0x00007ffca13b8000 	C:\WINDOWS\SYSTEM32\bcrypt.dll
0x00007ffca1250000 - 0x00007ffca125c000 	C:\WINDOWS\SYSTEM32\CRYPTBASE.dll
0x00007ffca0300000 - 0x00007ffca032d000 	C:\WINDOWS\SYSTEM32\IPHLPAPI.DLL
0x00007ffca3550000 - 0x00007ffca3559000 	C:\WINDOWS\System32\NSI.dll
0x00007ffc9a3e0000 - 0x00007ffc9a3f9000 	C:\WINDOWS\SYSTEM32\dhcpcsvc6.DLL
0x00007ffc9a760000 - 0x00007ffc9a77f000 	C:\WINDOWS\SYSTEM32\dhcpcsvc.DLL
0x00007ffca0330000 - 0x00007ffca0423000 	C:\WINDOWS\SYSTEM32\DNSAPI.dll
0x00007ffc9bff0000 - 0x00007ffc9bff9000 	C:\Users\LtCol(Dr)HHLKFernand\.vscode\extensions\redhat.java-1.21.0-win32-x64\jre\17.0.7-win32-x86_64\bin\management.dll
0x00007ffc8cb50000 - 0x00007ffc8cb5b000 	C:\Users\LtCol(Dr)HHLKFernand\.vscode\extensions\redhat.java-1.21.0-win32-x64\jre\17.0.7-win32-x86_64\bin\management_ext.dll
0x00007ffca3e10000 - 0x00007ffca3e18000 	C:\WINDOWS\System32\PSAPI.DLL
0x00007ffc8cae0000 - 0x00007ffc8caee000 	C:\Users\LtCol(Dr)HHLKFernand\.vscode\extensions\redhat.java-1.21.0-win32-x64\jre\17.0.7-win32-x86_64\bin\sunmscapi.dll
0x00007ffca1b10000 - 0x00007ffca1c77000 	C:\WINDOWS\System32\CRYPT32.dll
0x00007ffca1360000 - 0x00007ffca138e000 	C:\WINDOWS\SYSTEM32\ncrypt.dll
0x00007ffca1320000 - 0x00007ffca1357000 	C:\WINDOWS\SYSTEM32\NTASN1.dll
0x00007ffc936b0000 - 0x00007ffc936ba000 	C:\Windows\System32\rasadhlp.dll
0x00007ffc975b0000 - 0x00007ffc97634000 	C:\WINDOWS\System32\fwpuclnt.dll
0x00007ffc8e2d0000 - 0x00007ffc8e2e0000 	c:\Users\LtCol(Dr)HHLKFernand\.vscode\extensions\redhat.java-1.21.0-win32-x64\jre\17.0.7-win32-x86_64\bin\verify.dll

dbghelp: loaded successfully - version: 4.0.5 - missing functions: none
symbol engine: initialized successfully - sym options: 0x614 - pdb path: .;c:\Users\LtCol(Dr)HHLKFernand\.vscode\extensions\redhat.java-1.21.0-win32-x64\jre\17.0.7-win32-x86_64\bin;C:\WINDOWS\SYSTEM32;C:\WINDOWS\WinSxS\amd64_microsoft.windows.common-controls_6595b64144ccf1df_6.0.22621.2070_none_2713e6537381f706;c:\Users\LtCol(Dr)HHLKFernand\.vscode\extensions\redhat.java-1.21.0-win32-x64\jre\17.0.7-win32-x86_64\bin\server

VM Arguments:
jvm_args: -XX:+HeapDumpOnOutOfMemoryError -Xmx1024m -Dsts.lsp.client=vscode -Dsts.log.file=/dev/null -XX:TieredStopAtLevel=1 -Xlog:jni+resolve=off -Dspring.config.location=file:c:\Users\LtCol(Dr)HHLKFernand\.vscode\extensions\vmware.vscode-spring-boot-1.48.0\language-server\BOOT-INF\classes\application.properties 
java_command: org.springframework.ide.vscode.boot.app.BootLanguageServerBootApp
java_class_path (initial): c:\Users\LtCol(Dr)HHLKFernand\.vscode\extensions\vmware.vscode-spring-boot-1.48.0\language-server\BOOT-INF\classes;c:\Users\LtCol(Dr)HHLKFernand\.vscode\extensions\vmware.vscode-spring-boot-1.48.0\language-server\BOOT-INF\lib\annotations-24.0.1.jar;c:\Users\LtCol(Dr)HHLKFernand\.vscode\extensions\vmware.vscode-spring-boot-1.48.0\language-server\BOOT-INF\lib\antlr-runtime-3.5.3.jar;c:\Users\LtCol(Dr)HHLKFernand\.vscode\extensions\vmware.vscode-spring-boot-1.48.0\language-server\BOOT-INF\lib\antlr4-4.11.1.jar;c:\Users\LtCol(Dr)HHLKFernand\.vscode\extensions\vmware.vscode-spring-boot-1.48.0\language-server\BOOT-INF\lib\antlr4-runtime-4.11.1.jar;c:\Users\LtCol(Dr)HHLKFernand\.vscode\extensions\vmware.vscode-spring-boot-1.48.0\language-server\BOOT-INF\lib\archunit-1.0.1.jar;c:\Users\LtCol(Dr)HHLKFernand\.vscode\extensions\vmware.vscode-spring-boot-1.48.0\language-server\BOOT-INF\lib\asm-9.5.jar;c:\Users\LtCol(Dr)HHLKFernand\.vscode\extensions\vmware.vscode-spring-boot-1.48.0\language-server\BOOT-INF\lib\asm-analysis-9.5.jar;c:\Users\LtCol(Dr)HHLKFernand\.vscode\extensions\vmware.vscode-spring-boot-1.48.0\language-server\BOOT-INF\lib\asm-tree-9.5.jar;c:\Users\LtCol(Dr)HHLKFernand\.vscode\extensions\vmware.vscode-spring-boot-1.48.0\language-server\BOOT-INF\lib\asm-util-9.5.jar;c:\Users\LtCol(Dr)HHLKFernand\.vscode\extensions\vmware.vscode-spring-boot-1.48.0\language-server\BOOT-INF\lib\bosh-language-server-1.48.0-SNAPSHOT.jar;c:\Users\LtCol(Dr)HHLKFernand\.vscode\extensions\vmware.vscode-spring-boot-1.48.0\language-server\BOOT-INF\lib\caffeine-3.1.6.jar;c:\Users\LtCol(Dr)HHLKFernand\.vscode\extensions\vmware.vscode-spring-boot-1.48.0\language-server\BOOT-INF\lib\checker-qual-3.12.0.jar;c:\Users\LtCol(Dr)HHLKFernand\.vscode\extensions\vmware.vscode-spring-boot-1.48.0\language-server\BOOT-INF\lib\classgraph-4.8.149.jar;c:\Users\LtCol(Dr)HHLKFernand\.vscode\extensions\vmware.vscode-spring-boot-1.48.0\language-server\BOOT-INF\lib\commons-codec-1.15
Launcher Type: SUN_STANDARD

[Global flags]
     intx CICompilerCount                          = 3                                         {product} {ergonomic}
     uint ConcGCThreads                            = 1                                         {product} {ergonomic}
     uint G1ConcRefinementThreads                  = 4                                         {product} {ergonomic}
   size_t G1HeapRegionSize                         = 1048576                                   {product} {ergonomic}
    uintx GCDrainStackTargetSize                   = 64                                        {product} {ergonomic}
     bool HeapDumpOnOutOfMemoryError               = true                                   {manageable} {command line}
   size_t InitialHeapSize                          = 268435456                                 {product} {ergonomic}
   size_t MarkStackSize                            = 4194304                                   {product} {ergonomic}
   size_t MaxHeapSize                              = 1073741824                                {product} {command line}
   size_t MaxNewSize                               = 643825664                                 {product} {ergonomic}
   size_t MinHeapDeltaBytes                        = 1048576                                   {product} {ergonomic}
   size_t MinHeapSize                              = 8388608                                   {product} {ergonomic}
    uintx NonProfiledCodeHeapSize                  = 0                                      {pd product} {ergonomic}
     bool ProfileInterpreter                       = false                                  {pd product} {command line}
    uintx ProfiledCodeHeapSize                     = 0                                      {pd product} {ergonomic}
   size_t SoftMaxHeapSize                          = 1073741824                             {manageable} {ergonomic}
     intx TieredStopAtLevel                        = 1                                         {product} {command line}
     bool UseCompressedClassPointers               = true                           {product lp64_product} {ergonomic}
     bool UseCompressedOops                        = true                           {product lp64_product} {ergonomic}
     bool UseG1GC                                  = true                                      {product} {ergonomic}
     bool UseLargePagesIndividualAllocation        = false                                  {pd product} {ergonomic}

Logging:
Log output configuration:
 #0: stdout all=warning,jni+resolve=off uptime,level,tags
 #1: stderr all=off uptime,level,tags

Environment Variables:
JAVA_HOME=C:\Program Files\Java\jdk-19
PATH=C:\Program Files\Common Files\Oracle\Java\javapath;C:\WINDOWS\system32;C:\WINDOWS;C:\WINDOWS\System32\Wbem;C:\WINDOWS\System32\WindowsPowerShell\v1.0\;C:\WINDOWS\System32\OpenSSH\;C:\Program Files\Microsoft VS Code\bin;C:\Program Files\Java\jdk-18.0.1.1\bin;C:\Program Files\Git\cmd;C:\xampp\php;C:\ProgramData\ComposerSetup\bin;C:\MinGW\bin;C:\Program Files\nodejs\;C:\Program Files\Docker\Docker\resources\bin;C:\Users\LtCol(Dr)HHLKFernand\AppData\Local\Microsoft\WindowsApps;C:\Users\LtCol(Dr)HHLKFernand\AppData\Local\GitHubDesktop\bin;C:\Users\LtCol(Dr)HHLKFernand\AppData\Roaming\Composer\vendor\bin;C:\Program Files\Java\jdk-19\bin;C:\Users\LtCol(Dr)HHLKFernand\AppData\Roaming\npm;C:\Program Files\JetBrains\IntelliJ IDEA 2023.2\bin;
USERNAME=LtCol(Dr)HHLKFernand
OS=Windows_NT
PROCESSOR_IDENTIFIER=Intel64 Family 6 Model 142 Stepping 12, GenuineIntel
TMP=C:\Users\LTCOL(~1\AppData\Local\Temp
TEMP=C:\Users\LTCOL(~1\AppData\Local\Temp



---------------  S Y S T E M  ---------------

OS:
 Windows 11 , 64 bit Build 22621 (10.0.22621.2070)
OS uptime: 0 days 5:21 hours
Hyper-V role detected

CPU: total 4 (initial active 4) (2 cores per cpu, 2 threads per core) family 6 model 142 stepping 12 microcode 0xf8, cx8, cmov, fxsr, ht, mmx, 3dnowpref, sse, sse2, sse3, ssse3, sse4.1, sse4.2, popcnt, lzcnt, tsc, tscinvbit, avx, avx2, aes, erms, clmul, bmi1, bmi2, adx, fma, vzeroupper, clflush, clflushopt, hv

Memory: 4k page, system-wide physical 16260M (3391M free)
TotalPageFile size 19006M (AvailPageFile size 9M)
current process WorkingSet (physical memory assigned to process): 136M, peak: 976M
current process commit charge ("private bytes"): 280M, peak: 1049M

vm_info: OpenJDK 64-Bit Server VM (17.0.7+7) for windows-amd64 JRE (17.0.7+7), built on Apr 18 2023 22:10:42 by "temurin" with MS VC++ 16.7 (VS2019)

END.
