#
# There is insufficient memory for the Java Runtime Environment to continue.
# Native memory allocation (malloc) failed to allocate 2097152 bytes for AllocateHeap
# Possible reasons:
#   The system is out of physical RAM or swap space
#   The process is running with CompressedOops enabled, and the Java Heap may be blocking the growth of the native heap
# Possible solutions:
#   Reduce memory load on the system
#   Increase physical memory or swap space
#   Check if swap backing store is full
#   Decrease Java heap size (-Xmx/-Xms)
#   Decrease number of Java threads
#   Decrease Java thread stack sizes (-Xss)
#   Set larger code cache with -XX:ReservedCodeCacheSize=
#   JVM is running with Unscaled Compressed Oops mode in which the Java heap is
#     placed in the first 4GB address space. The Java Heap base address is the
#     maximum limit for the native heap growth. Please use -XX:HeapBaseMinAddress
#     to set the Java Heap base and to place the Java Heap above 4GB virtual address.
# This output file may be truncated or incomplete.
#
#  Out of Memory Error (allocation.cpp:44), pid=6808, tid=17668
#
# JRE version: OpenJDK Runtime Environment Temurin-17.0.7+7 (17.0.7+7) (build 17.0.7+7)
# Java VM: OpenJDK 64-Bit Server VM Temurin-17.0.7+7 (17.0.7+7, mixed mode, emulated-client, tiered, compressed oops, compressed class ptrs, g1 gc, windows-amd64)
# No core dump will be written. Minidumps are not enabled by default on client versions of Windows
#

---------------  S U M M A R Y ------------

Command Line: -XX:+HeapDumpOnOutOfMemoryError -Xmx1024m -Dsts.lsp.client=vscode -Dsts.log.file=/dev/null -XX:TieredStopAtLevel=1 -Xlog:jni+resolve=off -Dspring.config.location=file:c:\Users\LtCol(Dr)HHLKFernand\.vscode\extensions\vmware.vscode-spring-boot-1.48.0\language-server\BOOT-INF\classes\application.properties org.springframework.ide.vscode.boot.app.BootLanguageServerBootApp

Host: Intel(R) Core(TM) i3-8145U CPU @ 2.10GHz, 4 cores, 15G,  Windows 11 , 64 bit Build 22621 (10.0.22621.2070)
Time: Sun Sep  3 02:54:31 2023 Sri Lanka Standard Time elapsed time: 28272.147733 seconds (0d 7h 51m 12s)

---------------  T H R E A D  ---------------

Current thread (0x00000130751394b0):  VMThread "VM Thread" [stack: 0x00000025d3600000,0x00000025d3700000] [id=17668]

Stack: [0x00000025d3600000,0x00000025d3700000]
Native frames: (J=compiled Java code, j=interpreted, Vv=VM code, C=native code)
V  [jvm.dll+0x67754a]
V  [jvm.dll+0x834304]
V  [jvm.dll+0x835aae]
V  [jvm.dll+0x836113]
V  [jvm.dll+0x24696f]
V  [jvm.dll+0xa681f]
V  [jvm.dll+0x2f7481]
V  [jvm.dll+0x2f30f0]
V  [jvm.dll+0x2db6c7]
V  [jvm.dll+0x31e777]
V  [jvm.dll+0x83a5bb]
V  [jvm.dll+0x83b2f4]
V  [jvm.dll+0x83b80c]
V  [jvm.dll+0x83bbe4]
V  [jvm.dll+0x83bcb0]
V  [jvm.dll+0x7e4e7a]
V  [jvm.dll+0x676395]
C  [ucrtbase.dll+0x29363]
C  [KERNEL32.DLL+0x126ad]
C  [ntdll.dll+0x5aa68]

VM_Operation (0x00000025d47feb70): G1CollectFull, mode: safepoint, requested by thread 0x000001307aa54830


---------------  P R O C E S S  ---------------

Threads class SMR info:
_java_thread_list=0x000001307b9d4d50, length=23, elements={
0x0000013075163380, 0x0000013075163c40, 0x000001307514ae70, 0x000001307514b730,
0x000001307514e000, 0x000001307514e8c0, 0x00000130751866c0, 0x00000130751987b0,
0x0000013075395b20, 0x00000130753a42f0, 0x000001307a994690, 0x0000013075cfa460,
0x000001307aa54830, 0x0000013075d403d0, 0x0000013068bbe590, 0x0000013075c43c30,
0x000001307aaa84b0, 0x000001307a9fa540, 0x000001307ad53620, 0x000001307ad4cc40,
0x000001307ad51940, 0x000001307ad51e10, 0x000001307ad4df80
}

Java Threads: ( => current thread )
  0x0000013075163380 JavaThread "Reference Handler" daemon [_thread_blocked, id=14492, stack(0x00000025d3700000,0x00000025d3800000)]
  0x0000013075163c40 JavaThread "Finalizer" daemon [_thread_blocked, id=2284, stack(0x00000025d3800000,0x00000025d3900000)]
  0x000001307514ae70 JavaThread "Signal Dispatcher" daemon [_thread_blocked, id=13688, stack(0x00000025d3900000,0x00000025d3a00000)]
  0x000001307514b730 JavaThread "Attach Listener" daemon [_thread_blocked, id=3524, stack(0x00000025d3a00000,0x00000025d3b00000)]
  0x000001307514e000 JavaThread "Service Thread" daemon [_thread_blocked, id=7348, stack(0x00000025d3b00000,0x00000025d3c00000)]
  0x000001307514e8c0 JavaThread "Monitor Deflation Thread" daemon [_thread_blocked, id=18080, stack(0x00000025d3c00000,0x00000025d3d00000)]
  0x00000130751866c0 JavaThread "C1 CompilerThread0" daemon [_thread_blocked, id=15640, stack(0x00000025d3d00000,0x00000025d3e00000)]
  0x00000130751987b0 JavaThread "Sweeper thread" daemon [_thread_blocked, id=16244, stack(0x00000025d3e00000,0x00000025d3f00000)]
  0x0000013075395b20 JavaThread "Notification Thread" daemon [_thread_blocked, id=17092, stack(0x00000025d4000000,0x00000025d4100000)]
  0x00000130753a42f0 JavaThread "Common-Cleaner" daemon [_thread_blocked, id=16632, stack(0x00000025d4200000,0x00000025d4300000)]
  0x000001307a994690 JavaThread "boundedElastic-evictor-1" daemon [_thread_blocked, id=19600, stack(0x00000025d4500000,0x00000025d4600000)]
  0x0000013075cfa460 JavaThread "boundedElastic-evictor-2" daemon [_thread_blocked, id=20296, stack(0x00000025d4600000,0x00000025d4700000)]
  0x000001307aa54830 JavaThread "pool-11-thread-1" [_thread_blocked, id=20380, stack(0x00000025d4700000,0x00000025d4800000)]
  0x0000013075d403d0 JavaThread "LanguageServerApp-lifecycle" [_thread_blocked, id=16616, stack(0x00000025d4800000,0x00000025d4900000)]
  0x0000013068bbe590 JavaThread "DestroyJavaVM" [_thread_blocked, id=16484, stack(0x00000025d3000000,0x00000025d3100000)]
  0x0000013075c43c30 JavaThread "pool-12-thread-1" [_thread_in_native, id=18236, stack(0x00000025d4900000,0x00000025d4a00000)]
  0x000001307aaa84b0 JavaThread "Simple-Language-Server main thread" daemon [_thread_blocked, id=19180, stack(0x00000025d4a00000,0x00000025d4b00000)]
  0x000001307a9fa540 JavaThread "parallel-1" daemon [_thread_blocked, id=20084, stack(0x00000025d5400000,0x00000025d5500000)]
  0x000001307ad53620 JavaThread "pool-5-thread-1" [_thread_blocked, id=19944, stack(0x00000025d5c00000,0x00000025d5d00000)]
  0x000001307ad4cc40 JavaThread "parallel-2" daemon [_thread_blocked, id=10200, stack(0x00000025d5d00000,0x00000025d5e00000)]
  0x000001307ad51940 JavaThread "parallel-3" daemon [_thread_blocked, id=14672, stack(0x00000025d5600000,0x00000025d5700000)]
  0x000001307ad51e10 JavaThread "parallel-4" daemon [_thread_blocked, id=16932, stack(0x00000025d5700000,0x00000025d5800000)]
  0x000001307ad4df80 JavaThread "Reconciler-1" daemon [_thread_blocked, id=17856, stack(0x00000025d5900000,0x00000025d5a00000)]

Other Threads:
=>0x00000130751394b0 VMThread "VM Thread" [stack: 0x00000025d3600000,0x00000025d3700000] [id=17668]
  0x0000013075398000 WatcherThread [stack: 0x00000025d4100000,0x00000025d4200000] [id=13992]
  0x0000013068c42240 GCTaskThread "GC Thread#0" [stack: 0x00000025d3100000,0x00000025d3200000] [id=18268]
  0x0000013075a0d0f0 GCTaskThread "GC Thread#1" [stack: 0x00000025d3f00000,0x00000025d4000000] [id=19864]
  0x00000130758800d0 GCTaskThread "GC Thread#2" [stack: 0x00000025d4300000,0x00000025d4400000] [id=19860]
  0x0000013075880380 GCTaskThread "GC Thread#3" [stack: 0x00000025d4400000,0x00000025d4500000] [id=16768]
  0x0000013068c4b180 ConcurrentGCThread "G1 Main Marker" [stack: 0x00000025d3200000,0x00000025d3300000] [id=2448]
  0x0000013068c4bcf0 ConcurrentGCThread "G1 Conc#0" [stack: 0x00000025d3300000,0x00000025d3400000] [id=3012]
  0x0000013068cbd4f0 ConcurrentGCThread "G1 Refine#0" [stack: 0x00000025d3400000,0x00000025d3500000] [id=17800]
  0x000001307b3244e0 ConcurrentGCThread "G1 Refine#1" [stack: 0x00000025d5f00000,0x00000025d6000000] [id=16712]
  0x000001307b8cc2a0 ConcurrentGCThread "G1 Refine#2" [stack: 0x00000025d6200000,0x00000025d6300000] [id=17156]
  0x000001307b96ffa0 ConcurrentGCThread "G1 Refine#3" [stack: 0x00000025d6000000,0x00000025d6100000] [id=18644]
  0x0000013068cbe070 ConcurrentGCThread "G1 Service" [stack: 0x00000025d3500000,0x00000025d3600000] [id=8332]

Threads with active compile tasks:

VM state: at safepoint (normal execution)

VM Mutex/Monitor currently owned by a thread:  ([mutex/lock_event])
[0x0000013068af9ba0] Threads_lock - owner thread: 0x00000130751394b0
[0x0000013068bbc510] Heap_lock - owner thread: 0x000001307aa54830

Heap address: 0x00000000c0000000, size: 1024 MB, Compressed Oops mode: 32-bit

CDS archive(s) not mapped
Compressed class space mapped at: 0x0000000100000000-0x0000000140000000, reserved size: 1073741824
Narrow klass base: 0x0000000000000000, Narrow klass shift: 3, Narrow klass range: 0x140000000

GC Precious Log:
 CPUs: 4 total, 4 available
 Memory: 16260M
 Large Page Support: Disabled
 NUMA Support: Disabled
 Compressed Oops: Enabled (32-bit)
 Heap Region Size: 1M
 Heap Min Capacity: 8M
 Heap Initial Capacity: 256M
 Heap Max Capacity: 1G
 Pre-touch: Disabled
 Parallel Workers: 4
 Concurrent Workers: 1
 Concurrent Refinement Workers: 4
 Periodic GC: Disabled

Heap:
 garbage-first heap   total 116736K, used 34649K [0x00000000c0000000, 0x0000000100000000)
  region size 1024K, 1 young (1024K), 0 survivors (0K)
 Metaspace       used 56586K, committed 57344K, reserved 1114112K
  class space    used 8055K, committed 8320K, reserved 1048576K

Heap Regions: E=young(eden), S=young(survivor), O=old, HS=humongous(starts), HC=humongous(continues), CS=collection set, F=free, OA=open archive, CA=closed archive, TAMS=top-at-mark-start (previous, next)
|   0|0x00000000c0000000, 0x00000000c0100000, 0x00000000c0100000|100%| O|  |TAMS 0x00000000c0100000, 0x00000000c0000000| Untracked 
|   1|0x00000000c0100000, 0x00000000c0200000, 0x00000000c0200000|100%| O|  |TAMS 0x00000000c0200000, 0x00000000c0100000| Untracked 
|   2|0x00000000c0200000, 0x00000000c0300000, 0x00000000c0300000|100%| O|  |TAMS 0x00000000c0300000, 0x00000000c0200000| Untracked 
|   3|0x00000000c0300000, 0x00000000c0400000, 0x00000000c0400000|100%| O|  |TAMS 0x00000000c0400000, 0x00000000c0300000| Untracked 
|   4|0x00000000c0400000, 0x00000000c0500000, 0x00000000c0500000|100%| O|  |TAMS 0x00000000c0500000, 0x00000000c0400000| Untracked 
|   5|0x00000000c0500000, 0x00000000c0600000, 0x00000000c0600000|100%| O|  |TAMS 0x00000000c0600000, 0x00000000c0500000| Untracked 
|   6|0x00000000c0600000, 0x00000000c06ffc50, 0x00000000c0700000| 99%| O|  |TAMS 0x00000000c06ffc50, 0x00000000c0600000| Untracked 
|   7|0x00000000c0700000, 0x00000000c07fffb8, 0x00000000c0800000| 99%| O|  |TAMS 0x00000000c07fffb8, 0x00000000c0700000| Untracked 
|   8|0x00000000c0800000, 0x00000000c08fffe8, 0x00000000c0900000| 99%| O|  |TAMS 0x00000000c08fffe8, 0x00000000c0800000| Untracked 
|   9|0x00000000c0900000, 0x00000000c0a00000, 0x00000000c0a00000|100%| O|  |TAMS 0x00000000c0a00000, 0x00000000c0900000| Untracked 
|  10|0x00000000c0a00000, 0x00000000c0afffe0, 0x00000000c0b00000| 99%| O|  |TAMS 0x00000000c0afffe0, 0x00000000c0a00000| Untracked 
|  11|0x00000000c0b00000, 0x00000000c0bffff8, 0x00000000c0c00000| 99%| O|  |TAMS 0x00000000c0bffff8, 0x00000000c0b00000| Untracked 
|  12|0x00000000c0c00000, 0x00000000c0d00000, 0x00000000c0d00000|100%| O|  |TAMS 0x00000000c0d00000, 0x00000000c0c00000| Untracked 
|  13|0x00000000c0d00000, 0x00000000c0dfffe8, 0x00000000c0e00000| 99%| O|  |TAMS 0x00000000c0dfffe8, 0x00000000c0d00000| Untracked 
|  14|0x00000000c0e00000, 0x00000000c0effff8, 0x00000000c0f00000| 99%| O|  |TAMS 0x00000000c0effff8, 0x00000000c0e00000| Untracked 
|  15|0x00000000c0f00000, 0x00000000c0fffff0, 0x00000000c1000000| 99%| O|  |TAMS 0x00000000c0fffff0, 0x00000000c0f00000| Untracked 
|  16|0x00000000c1000000, 0x00000000c10ffff0, 0x00000000c1100000| 99%| O|  |TAMS 0x00000000c10ffff0, 0x00000000c1000000| Untracked 
|  17|0x00000000c1100000, 0x00000000c11ffff8, 0x00000000c1200000| 99%| O|  |TAMS 0x00000000c11ffff8, 0x00000000c1100000| Untracked 
|  18|0x00000000c1200000, 0x00000000c12fffc0, 0x00000000c1300000| 99%| O|  |TAMS 0x00000000c12fffc0, 0x00000000c1200000| Untracked 
|  19|0x00000000c1300000, 0x00000000c13fffe8, 0x00000000c1400000| 99%| O|  |TAMS 0x00000000c13fffe8, 0x00000000c1300000| Untracked 
|  20|0x00000000c1400000, 0x00000000c1500000, 0x00000000c1500000|100%| O|  |TAMS 0x00000000c1500000, 0x00000000c1400000| Untracked 
|  21|0x00000000c1500000, 0x00000000c15fffe0, 0x00000000c1600000| 99%| O|  |TAMS 0x00000000c15fffe0, 0x00000000c1500000| Untracked 
|  22|0x00000000c1600000, 0x00000000c16ffff8, 0x00000000c1700000| 99%| O|  |TAMS 0x00000000c16ffff8, 0x00000000c1600000| Untracked 
|  23|0x00000000c1700000, 0x00000000c17ffff8, 0x00000000c1800000| 99%| O|  |TAMS 0x00000000c17ffff8, 0x00000000c1700000| Untracked 
|  24|0x00000000c1800000, 0x00000000c18ffff8, 0x00000000c1900000| 99%| O|  |TAMS 0x00000000c18ffff8, 0x00000000c1800000| Untracked 
|  25|0x00000000c1900000, 0x00000000c19d6a80, 0x00000000c1a00000| 83%| O|  |TAMS 0x00000000c1900000, 0x00000000c1900000| Untracked 
|  26|0x00000000c1a00000, 0x00000000c1a00088, 0x00000000c1b00000|  0%| O|  |TAMS 0x00000000c1a00000, 0x00000000c1a00000| Untracked 
|  27|0x00000000c1b00000, 0x00000000c1c00000, 0x00000000c1c00000|100%| O|  |TAMS 0x00000000c1c00000, 0x00000000c1b00000| Untracked 
|  28|0x00000000c1c00000, 0x00000000c1d00000, 0x00000000c1d00000|100%| O|  |TAMS 0x00000000c1d00000, 0x00000000c1c00000| Untracked 
|  29|0x00000000c1d00000, 0x00000000c1e00000, 0x00000000c1e00000|100%| O|  |TAMS 0x00000000c1e00000, 0x00000000c1d00000| Untracked 
|  30|0x00000000c1e00000, 0x00000000c1f00000, 0x00000000c1f00000|100%| O|  |TAMS 0x00000000c1f00000, 0x00000000c1e00000| Untracked 
|  31|0x00000000c1f00000, 0x00000000c2000000, 0x00000000c2000000|100%| O|  |TAMS 0x00000000c2000000, 0x00000000c1f00000| Untracked 
|  32|0x00000000c2000000, 0x00000000c2000000, 0x00000000c2100000|  0%| F|  |TAMS 0x00000000c2000000, 0x00000000c2000000| Untracked 
|  33|0x00000000c2100000, 0x00000000c21fffd0, 0x00000000c2200000| 99%| O|  |TAMS 0x00000000c21fffd0, 0x00000000c2100000| Untracked 
|  34|0x00000000c2200000, 0x00000000c2200000, 0x00000000c2300000|  0%| F|  |TAMS 0x00000000c2200000, 0x00000000c2200000| Untracked 
|  35|0x00000000c2300000, 0x00000000c23ffff8, 0x00000000c2400000| 99%| O|  |TAMS 0x00000000c23ffff8, 0x00000000c2300000| Untracked 
|  36|0x00000000c2400000, 0x00000000c2400000, 0x00000000c2500000|  0%| F|  |TAMS 0x00000000c2400000, 0x00000000c2400000| Untracked 
|  37|0x00000000c2500000, 0x00000000c2600000, 0x00000000c2600000|100%| O|  |TAMS 0x00000000c2600000, 0x00000000c2500000| Untracked 
|  38|0x00000000c2600000, 0x00000000c2600000, 0x00000000c2700000|  0%| F|  |TAMS 0x00000000c2600000, 0x00000000c2600000| Untracked 
|  39|0x00000000c2700000, 0x00000000c2700000, 0x00000000c2800000|  0%| F|  |TAMS 0x00000000c2700000, 0x00000000c2700000| Untracked 
|  40|0x00000000c2800000, 0x00000000c2800000, 0x00000000c2900000|  0%| F|  |TAMS 0x00000000c2800000, 0x00000000c2800000| Untracked 
|  41|0x00000000c2900000, 0x00000000c2900000, 0x00000000c2a00000|  0%| F|  |TAMS 0x00000000c2900000, 0x00000000c2900000| Untracked 
|  42|0x00000000c2a00000, 0x00000000c2a00000, 0x00000000c2b00000|  0%| F|  |TAMS 0x00000000c2a00000, 0x00000000c2a00000| Untracked 
|  43|0x00000000c2b00000, 0x00000000c2b00000, 0x00000000c2c00000|  0%| F|  |TAMS 0x00000000c2b00000, 0x00000000c2b00000| Untracked 
|  44|0x00000000c2c00000, 0x00000000c2c00000, 0x00000000c2d00000|  0%| F|  |TAMS 0x00000000c2c00000, 0x00000000c2c00000| Untracked 
|  45|0x00000000c2d00000, 0x00000000c2d00000, 0x00000000c2e00000|  0%| F|  |TAMS 0x00000000c2d00000, 0x00000000c2d00000| Untracked 
|  46|0x00000000c2e00000, 0x00000000c2e00000, 0x00000000c2f00000|  0%| F|  |TAMS 0x00000000c2e00000, 0x00000000c2e00000| Untracked 
|  47|0x00000000c2f00000, 0x00000000c2f00000, 0x00000000c3000000|  0%| F|  |TAMS 0x00000000c2f00000, 0x00000000c2f00000| Untracked 
|  48|0x00000000c3000000, 0x00000000c3000000, 0x00000000c3100000|  0%| F|  |TAMS 0x00000000c3000000, 0x00000000c3000000| Untracked 
|  49|0x00000000c3100000, 0x00000000c3100000, 0x00000000c3200000|  0%| F|  |TAMS 0x00000000c3100000, 0x00000000c3100000| Untracked 
|  50|0x00000000c3200000, 0x00000000c3200000, 0x00000000c3300000|  0%| F|  |TAMS 0x00000000c3200000, 0x00000000c3200000| Untracked 
|  51|0x00000000c3300000, 0x00000000c3300000, 0x00000000c3400000|  0%| F|  |TAMS 0x00000000c3300000, 0x00000000c3300000| Untracked 
|  52|0x00000000c3400000, 0x00000000c3400000, 0x00000000c3500000|  0%| F|  |TAMS 0x00000000c3400000, 0x00000000c3400000| Untracked 
|  53|0x00000000c3500000, 0x00000000c3500000, 0x00000000c3600000|  0%| F|  |TAMS 0x00000000c3500000, 0x00000000c3500000| Untracked 
|  54|0x00000000c3600000, 0x00000000c3600000, 0x00000000c3700000|  0%| F|  |TAMS 0x00000000c3600000, 0x00000000c3600000| Untracked 
|  55|0x00000000c3700000, 0x00000000c3700000, 0x00000000c3800000|  0%| F|  |TAMS 0x00000000c3700000, 0x00000000c3700000| Untracked 
|  56|0x00000000c3800000, 0x00000000c3800000, 0x00000000c3900000|  0%| F|  |TAMS 0x00000000c3800000, 0x00000000c3800000| Untracked 
|  57|0x00000000c3900000, 0x00000000c3900000, 0x00000000c3a00000|  0%| F|  |TAMS 0x00000000c3900000, 0x00000000c3900000| Untracked 
|  58|0x00000000c3a00000, 0x00000000c3a00000, 0x00000000c3b00000|  0%| F|  |TAMS 0x00000000c3a00000, 0x00000000c3a00000| Untracked 
|  59|0x00000000c3b00000, 0x00000000c3b00000, 0x00000000c3c00000|  0%| F|  |TAMS 0x00000000c3b00000, 0x00000000c3b00000| Untracked 
|  60|0x00000000c3c00000, 0x00000000c3c00000, 0x00000000c3d00000|  0%| F|  |TAMS 0x00000000c3c00000, 0x00000000c3c00000| Untracked 
|  61|0x00000000c3d00000, 0x00000000c3d00000, 0x00000000c3e00000|  0%| F|  |TAMS 0x00000000c3d00000, 0x00000000c3d00000| Untracked 
|  62|0x00000000c3e00000, 0x00000000c3e00000, 0x00000000c3f00000|  0%| F|  |TAMS 0x00000000c3e00000, 0x00000000c3e00000| Untracked 
|  63|0x00000000c3f00000, 0x00000000c3f00000, 0x00000000c4000000|  0%| F|  |TAMS 0x00000000c3f00000, 0x00000000c3f00000| Untracked 
|  64|0x00000000c4000000, 0x00000000c4000000, 0x00000000c4100000|  0%| F|  |TAMS 0x00000000c4000000, 0x00000000c4000000| Untracked 
|  65|0x00000000c4100000, 0x00000000c4100000, 0x00000000c4200000|  0%| F|  |TAMS 0x00000000c4100000, 0x00000000c4100000| Untracked 
|  66|0x00000000c4200000, 0x00000000c4200000, 0x00000000c4300000|  0%| F|  |TAMS 0x00000000c4200000, 0x00000000c4200000| Untracked 
|  67|0x00000000c4300000, 0x00000000c4300000, 0x00000000c4400000|  0%| F|  |TAMS 0x00000000c4300000, 0x00000000c4300000| Untracked 
|  68|0x00000000c4400000, 0x00000000c4400000, 0x00000000c4500000|  0%| F|  |TAMS 0x00000000c4400000, 0x00000000c4400000| Untracked 
|  69|0x00000000c4500000, 0x00000000c4500000, 0x00000000c4600000|  0%| F|  |TAMS 0x00000000c4500000, 0x00000000c4500000| Untracked 
|  70|0x00000000c4600000, 0x00000000c4600000, 0x00000000c4700000|  0%| F|  |TAMS 0x00000000c4600000, 0x00000000c4600000| Untracked 
|  71|0x00000000c4700000, 0x00000000c4700000, 0x00000000c4800000|  0%| F|  |TAMS 0x00000000c4700000, 0x00000000c4700000| Untracked 
|  72|0x00000000c4800000, 0x00000000c4800000, 0x00000000c4900000|  0%| F|  |TAMS 0x00000000c4800000, 0x00000000c4800000| Untracked 
|  73|0x00000000c4900000, 0x00000000c4900000, 0x00000000c4a00000|  0%| F|  |TAMS 0x00000000c4900000, 0x00000000c4900000| Untracked 
|  74|0x00000000c4a00000, 0x00000000c4a00000, 0x00000000c4b00000|  0%| F|  |TAMS 0x00000000c4a00000, 0x00000000c4a00000| Untracked 
|  75|0x00000000c4b00000, 0x00000000c4b00000, 0x00000000c4c00000|  0%| F|  |TAMS 0x00000000c4b00000, 0x00000000c4b00000| Untracked 
|  76|0x00000000c4c00000, 0x00000000c4c00000, 0x00000000c4d00000|  0%| F|  |TAMS 0x00000000c4c00000, 0x00000000c4c00000| Untracked 
|  77|0x00000000c4d00000, 0x00000000c4d00000, 0x00000000c4e00000|  0%| F|  |TAMS 0x00000000c4d00000, 0x00000000c4d00000| Untracked 
|  78|0x00000000c4e00000, 0x00000000c4e00000, 0x00000000c4f00000|  0%| F|  |TAMS 0x00000000c4e00000, 0x00000000c4e00000| Untracked 
|  79|0x00000000c4f00000, 0x00000000c4f00000, 0x00000000c5000000|  0%| F|  |TAMS 0x00000000c4f00000, 0x00000000c4f00000| Untracked 
|  80|0x00000000c5000000, 0x00000000c5000000, 0x00000000c5100000|  0%| F|  |TAMS 0x00000000c5000000, 0x00000000c5000000| Untracked 
|  81|0x00000000c5100000, 0x00000000c5100000, 0x00000000c5200000|  0%| F|  |TAMS 0x00000000c5100000, 0x00000000c5100000| Untracked 
|  82|0x00000000c5200000, 0x00000000c5200000, 0x00000000c5300000|  0%| F|  |TAMS 0x00000000c5200000, 0x00000000c5200000| Untracked 
|  83|0x00000000c5300000, 0x00000000c5300000, 0x00000000c5400000|  0%| F|  |TAMS 0x00000000c5300000, 0x00000000c5300000| Untracked 
|  84|0x00000000c5400000, 0x00000000c5400000, 0x00000000c5500000|  0%| F|  |TAMS 0x00000000c5400000, 0x00000000c5400000| Untracked 
|  85|0x00000000c5500000, 0x00000000c5500000, 0x00000000c5600000|  0%| F|  |TAMS 0x00000000c5500000, 0x00000000c5500000| Untracked 
|  86|0x00000000c5600000, 0x00000000c5600000, 0x00000000c5700000|  0%| F|  |TAMS 0x00000000c5600000, 0x00000000c5600000| Untracked 
|  87|0x00000000c5700000, 0x00000000c5700000, 0x00000000c5800000|  0%| F|  |TAMS 0x00000000c5700000, 0x00000000c5700000| Untracked 
|  88|0x00000000c5800000, 0x00000000c5800000, 0x00000000c5900000|  0%| F|  |TAMS 0x00000000c5800000, 0x00000000c5800000| Untracked 
|  89|0x00000000c5900000, 0x00000000c5900000, 0x00000000c5a00000|  0%| F|  |TAMS 0x00000000c5900000, 0x00000000c5900000| Untracked 
|  90|0x00000000c5a00000, 0x00000000c5a00000, 0x00000000c5b00000|  0%| F|  |TAMS 0x00000000c5a00000, 0x00000000c5a00000| Untracked 
|  91|0x00000000c5b00000, 0x00000000c5b00000, 0x00000000c5c00000|  0%| F|  |TAMS 0x00000000c5b00000, 0x00000000c5b00000| Untracked 
|  92|0x00000000c5c00000, 0x00000000c5c00000, 0x00000000c5d00000|  0%| F|  |TAMS 0x00000000c5c00000, 0x00000000c5c00000| Untracked 
|  93|0x00000000c5d00000, 0x00000000c5d00000, 0x00000000c5e00000|  0%| F|  |TAMS 0x00000000c5d00000, 0x00000000c5d00000| Untracked 
|  94|0x00000000c5e00000, 0x00000000c5e00000, 0x00000000c5f00000|  0%| F|  |TAMS 0x00000000c5e00000, 0x00000000c5e00000| Untracked 
|  95|0x00000000c5f00000, 0x00000000c5f00000, 0x00000000c6000000|  0%| F|  |TAMS 0x00000000c5f00000, 0x00000000c5f00000| Untracked 
|  96|0x00000000c6000000, 0x00000000c6000000, 0x00000000c6100000|  0%| F|  |TAMS 0x00000000c6000000, 0x00000000c6000000| Untracked 
|  97|0x00000000c6100000, 0x00000000c6100000, 0x00000000c6200000|  0%| F|  |TAMS 0x00000000c6100000, 0x00000000c6100000| Untracked 
|  98|0x00000000c6200000, 0x00000000c6200000, 0x00000000c6300000|  0%| F|  |TAMS 0x00000000c6200000, 0x00000000c6200000| Untracked 
|  99|0x00000000c6300000, 0x00000000c6300000, 0x00000000c6400000|  0%| F|  |TAMS 0x00000000c6300000, 0x00000000c6300000| Untracked 
| 100|0x00000000c6400000, 0x00000000c6400000, 0x00000000c6500000|  0%| F|  |TAMS 0x00000000c6400000, 0x00000000c6400000| Untracked 
| 101|0x00000000c6500000, 0x00000000c6500000, 0x00000000c6600000|  0%| F|  |TAMS 0x00000000c6500000, 0x00000000c6500000| Untracked 
| 102|0x00000000c6600000, 0x00000000c6600000, 0x00000000c6700000|  0%| F|  |TAMS 0x00000000c6600000, 0x00000000c6600000| Untracked 
| 103|0x00000000c6700000, 0x00000000c6700000, 0x00000000c6800000|  0%| F|  |TAMS 0x00000000c6700000, 0x00000000c6700000| Untracked 
| 104|0x00000000c6800000, 0x00000000c6800000, 0x00000000c6900000|  0%| F|  |TAMS 0x00000000c6800000, 0x00000000c6800000| Untracked 
| 105|0x00000000c6900000, 0x00000000c6900000, 0x00000000c6a00000|  0%| F|  |TAMS 0x00000000c6900000, 0x00000000c6900000| Untracked 
| 106|0x00000000c6a00000, 0x00000000c6a00000, 0x00000000c6b00000|  0%| F|  |TAMS 0x00000000c6a00000, 0x00000000c6a00000| Untracked 
| 107|0x00000000c6b00000, 0x00000000c6b00000, 0x00000000c6c00000|  0%| F|  |TAMS 0x00000000c6b00000, 0x00000000c6b00000| Untracked 
| 108|0x00000000c6c00000, 0x00000000c6c00000, 0x00000000c6d00000|  0%| F|  |TAMS 0x00000000c6c00000, 0x00000000c6c00000| Untracked 
| 109|0x00000000c6d00000, 0x00000000c6d00000, 0x00000000c6e00000|  0%| F|  |TAMS 0x00000000c6d00000, 0x00000000c6d00000| Untracked 
| 110|0x00000000c6e00000, 0x00000000c6e00000, 0x00000000c6f00000|  0%| F|  |TAMS 0x00000000c6e00000, 0x00000000c6e00000| Untracked 
| 111|0x00000000c6f00000, 0x00000000c6f00000, 0x00000000c7000000|  0%| F|  |TAMS 0x00000000c6f00000, 0x00000000c6f00000| Untracked 
| 112|0x00000000c7000000, 0x00000000c7000000, 0x00000000c7100000|  0%| F|  |TAMS 0x00000000c7000000, 0x00000000c7000000| Untracked 
| 113|0x00000000c7100000, 0x00000000c711e128, 0x00000000c7200000| 11%| E|  |TAMS 0x00000000c7100000, 0x00000000c7100000| Complete 

Card table byte_map: [0x0000013070710000,0x0000013070910000] _byte_map_base: 0x0000013070110000

Marking Bits (Prev, Next): (CMBitMap*) 0x0000013068c42890, (CMBitMap*) 0x0000013068c42850
 Prev Bits: [0x0000013071b10000, 0x0000013072b10000)
 Next Bits: [0x0000013070b10000, 0x0000013071b10000)

Polling page: 0x0000013068a80000

Metaspace:

Usage:
  Non-class:     47.39 MB used.
      Class:      7.87 MB used.
       Both:     55.26 MB used.

Virtual space:
  Non-class space:       64.00 MB reserved,      47.88 MB ( 75%) committed,  1 nodes.
      Class space:        1.00 GB reserved,       8.12 MB ( <1%) committed,  1 nodes.
             Both:        1.06 GB reserved,      56.00 MB (  5%) committed. 

Chunk freelists:
   Non-Class:  15.91 MB
       Class:  7.82 MB
        Both:  23.74 MB

MaxMetaspaceSize: unlimited
CompressedClassSpaceSize: 1.00 GB
Initial GC threshold: 21.00 MB
Current GC threshold: 93.38 MB
CDS: off
MetaspaceReclaimPolicy: balanced
 - commit_granule_bytes: 65536.
 - commit_granule_words: 8192.
 - virtual_space_node_default_size: 8388608.
 - enlarge_chunks_in_place: 1.
 - new_chunks_are_fully_committed: 0.
 - uncommit_free_chunks: 1.
 - use_allocation_guard: 0.
 - handle_deallocations: 1.


Internal statistics:

num_allocs_failed_limit: 6.
num_arena_births: 678.
num_arena_deaths: 234.
num_vsnodes_births: 2.
num_vsnodes_deaths: 0.
num_space_committed: 896.
num_space_uncommitted: 0.
num_chunks_returned_to_freelist: 289.
num_chunks_taken_from_freelist: 2454.
num_chunk_merges: 100.
num_chunk_splits: 1687.
num_chunks_enlarged: 1272.
num_inconsistent_stats: 0.

CodeCache: size=49152Kb used=14174Kb max_used=15073Kb free=34977Kb
 bounds [0x000001306d070000, 0x000001306df30000, 0x0000013070070000]
 total_blobs=8365 nmethods=7746 adapters=544
 compilation: enabled
              stopped_count=0, restarted_count=0
 full_count=0

Compilation events (20 events):
Event: 12602.627 Thread 0x00000130751866c0 7740       1       java.lang.invoke.Invokers$Holder::linkToTargetMethod (9 bytes)
Event: 12602.627 Thread 0x00000130751866c0 nmethod 7740 0x000001306dcc8e90 code [0x000001306dcc9040, 0x000001306dcc9158]
Event: 12602.627 Thread 0x00000130751866c0 7741       1       java.lang.invoke.LambdaForm$DMH/0x0000000100848400::newInvokeSpecial (23 bytes)
Event: 12602.627 Thread 0x00000130751866c0 nmethod 7741 0x000001306dcc8a10 code [0x000001306dcc8bc0, 0x000001306dcc8d48]
Event: 12602.773 Thread 0x00000130751866c0 7742   !   1       java.io.FilterOutputStream::close (183 bytes)
Event: 12602.773 Thread 0x00000130751866c0 nmethod 7742 0x000001306dcc8090 code [0x000001306dcc82a0, 0x000001306dcc8778]
Event: 12602.773 Thread 0x00000130751866c0 7743   !   1       java.io.FileOutputStream::close (69 bytes)
Event: 12602.830 Thread 0x00000130751866c0 nmethod 7743 0x000001306dcc7210 code [0x000001306dcc73e0, 0x000001306dcc7758]
Event: 12602.830 Thread 0x00000130751866c0 7747       1       java.lang.ProcessImpl$$Lambda$966/0x000000010064dde8::run (8 bytes)
Event: 12602.830 Thread 0x00000130751866c0 nmethod 7747 0x000001306dcc6f10 code [0x000001306dcc70a0, 0x000001306dcc7188]
Event: 12602.830 Thread 0x00000130751866c0 7748       1       java.lang.ProcessImpl::lambda$new$0 (6 bytes)
Event: 12602.830 Thread 0x00000130751866c0 nmethod 7748 0x000001306dcc6c10 code [0x000001306dcc6da0, 0x000001306dcc6e68]
Event: 12602.830 Thread 0x00000130751866c0 7744       1       java.io.FileOutputStream$1::<init> (10 bytes)
Event: 12602.830 Thread 0x00000130751866c0 nmethod 7744 0x000001306dcc6910 code [0x000001306dcc6aa0, 0x000001306dcc6bb8]
Event: 12602.830 Thread 0x00000130751866c0 7745       1       java.io.FileOutputStream$1::close (11 bytes)
Event: 12602.831 Thread 0x00000130751866c0 nmethod 7745 0x000001306dcc6290 code [0x000001306dcc6440, 0x000001306dcc6758]
Event: 13910.827 Thread 0x00000130751866c0 7751       1       java.lang.ProcessImpl$2::run (242 bytes)
Event: 13910.828 Thread 0x00000130751866c0 nmethod 7751 0x000001306dcc4410 code [0x000001306dcc46c0, 0x000001306dcc5458]
Event: 13910.828 Thread 0x00000130751866c0 7752       1       java.lang.ProcessImpl::waitFor (136 bytes)
Event: 13910.829 Thread 0x00000130751866c0 nmethod 7752 0x000001306dcc3b90 code [0x000001306dcc3da0, 0x000001306dcc41b8]

GC Heap History (20 events):
Event: 28170.317 GC heap before
{Heap before GC invocations=1856 (full 1780):
 garbage-first heap   total 116736K, used 34649K [0x00000000c0000000, 0x0000000100000000)
  region size 1024K, 1 young (1024K), 0 survivors (0K)
 Metaspace       used 56586K, committed 57344K, reserved 1114112K
  class space    used 8055K, committed 8320K, reserved 1048576K
}
Event: 28170.353 GC heap after
{Heap after GC invocations=1857 (full 1781):
 garbage-first heap   total 116736K, used 34649K [0x00000000c0000000, 0x0000000100000000)
  region size 1024K, 0 young (0K), 0 survivors (0K)
 Metaspace       used 56586K, committed 57344K, reserved 1114112K
  class space    used 8055K, committed 8320K, reserved 1048576K
}
Event: 28180.520 GC heap before
{Heap before GC invocations=1857 (full 1781):
 garbage-first heap   total 116736K, used 34649K [0x00000000c0000000, 0x0000000100000000)
  region size 1024K, 1 young (1024K), 0 survivors (0K)
 Metaspace       used 56586K, committed 57344K, reserved 1114112K
  class space    used 8055K, committed 8320K, reserved 1048576K
}
Event: 28180.556 GC heap after
{Heap after GC invocations=1858 (full 1782):
 garbage-first heap   total 116736K, used 34649K [0x00000000c0000000, 0x0000000100000000)
  region size 1024K, 0 young (0K), 0 survivors (0K)
 Metaspace       used 56586K, committed 57344K, reserved 1114112K
  class space    used 8055K, committed 8320K, reserved 1048576K
}
Event: 28190.693 GC heap before
{Heap before GC invocations=1858 (full 1782):
 garbage-first heap   total 116736K, used 34649K [0x00000000c0000000, 0x0000000100000000)
  region size 1024K, 1 young (1024K), 0 survivors (0K)
 Metaspace       used 56586K, committed 57344K, reserved 1114112K
  class space    used 8055K, committed 8320K, reserved 1048576K
}
Event: 28190.730 GC heap after
{Heap after GC invocations=1859 (full 1783):
 garbage-first heap   total 116736K, used 34649K [0x00000000c0000000, 0x0000000100000000)
  region size 1024K, 0 young (0K), 0 survivors (0K)
 Metaspace       used 56586K, committed 57344K, reserved 1114112K
  class space    used 8055K, committed 8320K, reserved 1048576K
}
Event: 28200.890 GC heap before
{Heap before GC invocations=1859 (full 1783):
 garbage-first heap   total 116736K, used 34649K [0x00000000c0000000, 0x0000000100000000)
  region size 1024K, 1 young (1024K), 0 survivors (0K)
 Metaspace       used 56586K, committed 57344K, reserved 1114112K
  class space    used 8055K, committed 8320K, reserved 1048576K
}
Event: 28200.930 GC heap after
{Heap after GC invocations=1860 (full 1784):
 garbage-first heap   total 116736K, used 34649K [0x00000000c0000000, 0x0000000100000000)
  region size 1024K, 0 young (0K), 0 survivors (0K)
 Metaspace       used 56586K, committed 57344K, reserved 1114112K
  class space    used 8055K, committed 8320K, reserved 1048576K
}
Event: 28211.074 GC heap before
{Heap before GC invocations=1860 (full 1784):
 garbage-first heap   total 116736K, used 34649K [0x00000000c0000000, 0x0000000100000000)
  region size 1024K, 1 young (1024K), 0 survivors (0K)
 Metaspace       used 56586K, committed 57344K, reserved 1114112K
  class space    used 8055K, committed 8320K, reserved 1048576K
}
Event: 28211.109 GC heap after
{Heap after GC invocations=1861 (full 1785):
 garbage-first heap   total 116736K, used 34649K [0x00000000c0000000, 0x0000000100000000)
  region size 1024K, 0 young (0K), 0 survivors (0K)
 Metaspace       used 56586K, committed 57344K, reserved 1114112K
  class space    used 8055K, committed 8320K, reserved 1048576K
}
Event: 28221.262 GC heap before
{Heap before GC invocations=1861 (full 1785):
 garbage-first heap   total 116736K, used 34649K [0x00000000c0000000, 0x0000000100000000)
  region size 1024K, 1 young (1024K), 0 survivors (0K)
 Metaspace       used 56586K, committed 57344K, reserved 1114112K
  class space    used 8055K, committed 8320K, reserved 1048576K
}
Event: 28221.298 GC heap after
{Heap after GC invocations=1862 (full 1786):
 garbage-first heap   total 116736K, used 34649K [0x00000000c0000000, 0x0000000100000000)
  region size 1024K, 0 young (0K), 0 survivors (0K)
 Metaspace       used 56586K, committed 57344K, reserved 1114112K
  class space    used 8055K, committed 8320K, reserved 1048576K
}
Event: 28231.471 GC heap before
{Heap before GC invocations=1862 (full 1786):
 garbage-first heap   total 116736K, used 34649K [0x00000000c0000000, 0x0000000100000000)
  region size 1024K, 1 young (1024K), 0 survivors (0K)
 Metaspace       used 56586K, committed 57344K, reserved 1114112K
  class space    used 8055K, committed 8320K, reserved 1048576K
}
Event: 28231.507 GC heap after
{Heap after GC invocations=1863 (full 1787):
 garbage-first heap   total 116736K, used 34649K [0x00000000c0000000, 0x0000000100000000)
  region size 1024K, 0 young (0K), 0 survivors (0K)
 Metaspace       used 56586K, committed 57344K, reserved 1114112K
  class space    used 8055K, committed 8320K, reserved 1048576K
}
Event: 28241.667 GC heap before
{Heap before GC invocations=1863 (full 1787):
 garbage-first heap   total 116736K, used 34649K [0x00000000c0000000, 0x0000000100000000)
  region size 1024K, 1 young (1024K), 0 survivors (0K)
 Metaspace       used 56586K, committed 57344K, reserved 1114112K
  class space    used 8055K, committed 8320K, reserved 1048576K
}
Event: 28241.708 GC heap after
{Heap after GC invocations=1864 (full 1788):
 garbage-first heap   total 116736K, used 34649K [0x00000000c0000000, 0x0000000100000000)
  region size 1024K, 0 young (0K), 0 survivors (0K)
 Metaspace       used 56586K, committed 57344K, reserved 1114112K
  class space    used 8055K, committed 8320K, reserved 1048576K
}
Event: 28251.878 GC heap before
{Heap before GC invocations=1864 (full 1788):
 garbage-first heap   total 116736K, used 34649K [0x00000000c0000000, 0x0000000100000000)
  region size 1024K, 1 young (1024K), 0 survivors (0K)
 Metaspace       used 56586K, committed 57344K, reserved 1114112K
  class space    used 8055K, committed 8320K, reserved 1048576K
}
Event: 28251.914 GC heap after
{Heap after GC invocations=1865 (full 1789):
 garbage-first heap   total 116736K, used 34649K [0x00000000c0000000, 0x0000000100000000)
  region size 1024K, 0 young (0K), 0 survivors (0K)
 Metaspace       used 56586K, committed 57344K, reserved 1114112K
  class space    used 8055K, committed 8320K, reserved 1048576K
}
Event: 28262.073 GC heap before
{Heap before GC invocations=1865 (full 1789):
 garbage-first heap   total 116736K, used 34649K [0x00000000c0000000, 0x0000000100000000)
  region size 1024K, 1 young (1024K), 0 survivors (0K)
 Metaspace       used 56586K, committed 57344K, reserved 1114112K
  class space    used 8055K, committed 8320K, reserved 1048576K
}
Event: 28262.115 GC heap after
{Heap after GC invocations=1866 (full 1790):
 garbage-first heap   total 116736K, used 34649K [0x00000000c0000000, 0x0000000100000000)
  region size 1024K, 0 young (0K), 0 survivors (0K)
 Metaspace       used 56586K, committed 57344K, reserved 1114112K
  class space    used 8055K, committed 8320K, reserved 1048576K
}

Dll operation events (9 events):
Event: 0.014 Loaded shared library c:\Users\LtCol(Dr)HHLKFernand\.vscode\extensions\redhat.java-1.21.0-win32-x64\jre\17.0.7-win32-x86_64\bin\java.dll
Event: 1.126 Loaded shared library C:\Users\LtCol(Dr)HHLKFernand\.vscode\extensions\redhat.java-1.21.0-win32-x64\jre\17.0.7-win32-x86_64\bin\net.dll
Event: 1.213 Loaded shared library C:\Users\LtCol(Dr)HHLKFernand\.vscode\extensions\redhat.java-1.21.0-win32-x64\jre\17.0.7-win32-x86_64\bin\nio.dll
Event: 2.426 Loaded shared library C:\Users\LtCol(Dr)HHLKFernand\.vscode\extensions\redhat.java-1.21.0-win32-x64\jre\17.0.7-win32-x86_64\bin\zip.dll
Event: 39.323 Loaded shared library C:\Users\LtCol(Dr)HHLKFernand\.vscode\extensions\redhat.java-1.21.0-win32-x64\jre\17.0.7-win32-x86_64\bin\jimage.dll
Event: 66.378 Loaded shared library C:\Users\LtCol(Dr)HHLKFernand\.vscode\extensions\redhat.java-1.21.0-win32-x64\jre\17.0.7-win32-x86_64\bin\management.dll
Event: 66.436 Loaded shared library C:\Users\LtCol(Dr)HHLKFernand\.vscode\extensions\redhat.java-1.21.0-win32-x64\jre\17.0.7-win32-x86_64\bin\management_ext.dll
Event: 69.315 Loaded shared library C:\Users\LtCol(Dr)HHLKFernand\.vscode\extensions\redhat.java-1.21.0-win32-x64\jre\17.0.7-win32-x86_64\bin\sunmscapi.dll
Event: 98.918 Loaded shared library c:\Users\LtCol(Dr)HHLKFernand\.vscode\extensions\redhat.java-1.21.0-win32-x64\jre\17.0.7-win32-x86_64\bin\verify.dll

Deoptimization events (20 events):
Event: 67.511 Thread 0x000001307a9faee0 DEOPT PACKING pc=0x000001306d2fc02b sp=0x00000025d4efe430
Event: 67.511 Thread 0x000001307a9faee0 DEOPT UNPACKING pc=0x000001306d0c7143 sp=0x00000025d4efd978 mode 3
Event: 67.950 Thread 0x0000013075c43c30 DEOPT PACKING pc=0x000001306d58a581 sp=0x00000025d49fd840
Event: 67.950 Thread 0x0000013075c43c30 DEOPT UNPACKING pc=0x000001306d0c7143 sp=0x00000025d49fccd0 mode 3
Event: 67.955 Thread 0x000001307aaa84b0 DEOPT PACKING pc=0x000001306d566597 sp=0x00000025d4aff370
Event: 67.955 Thread 0x000001307aaa84b0 DEOPT UNPACKING pc=0x000001306d0c7143 sp=0x00000025d4afe7c8 mode 3
Event: 69.097 Thread 0x000001307a9fb3b0 DEOPT PACKING pc=0x000001306d209e8c sp=0x00000025d50febf0
Event: 69.097 Thread 0x000001307a9fb3b0 DEOPT UNPACKING pc=0x000001306d0c7143 sp=0x00000025d50fe0b8 mode 0
Event: 102.693 Thread 0x000001307a9faee0 DEOPT PACKING pc=0x000001306de5e094 sp=0x00000025d4efda50
Event: 102.693 Thread 0x000001307a9faee0 DEOPT UNPACKING pc=0x000001306d0c7143 sp=0x00000025d4efcf80 mode 0
Event: 102.694 Thread 0x000001307a9faee0 DEOPT PACKING pc=0x000001306de8789c sp=0x00000025d4efdc80
Event: 102.694 Thread 0x000001307a9faee0 DEOPT UNPACKING pc=0x000001306d0c7143 sp=0x00000025d4efd188 mode 0
Event: 102.694 Thread 0x000001307a9faee0 DEOPT PACKING pc=0x000001306de1c7f4 sp=0x00000025d4efdd70
Event: 102.694 Thread 0x000001307a9faee0 DEOPT UNPACKING pc=0x000001306d0c7143 sp=0x00000025d4efd268 mode 0
Event: 102.694 Thread 0x000001307a9faee0 DEOPT PACKING pc=0x000001306ddf0474 sp=0x00000025d4efde40
Event: 102.694 Thread 0x000001307a9faee0 DEOPT UNPACKING pc=0x000001306d0c7143 sp=0x00000025d4efd318 mode 0
Event: 102.694 Thread 0x000001307a9faee0 DEOPT PACKING pc=0x000001306ddedea4 sp=0x00000025d4efdef0
Event: 102.694 Thread 0x000001307a9faee0 DEOPT UNPACKING pc=0x000001306d0c7143 sp=0x00000025d4efd470 mode 0
Event: 102.707 Thread 0x000001307a9faee0 DEOPT PACKING pc=0x000001306ddd6d2c sp=0x00000025d4efe210
Event: 102.707 Thread 0x000001307a9faee0 DEOPT UNPACKING pc=0x000001306d0c7143 sp=0x00000025d4efd6a0 mode 0

Classes unloaded (20 events):
Event: 204.696 Thread 0x00000130751394b0 Unloading class 0x0000000100832800 'jdk/internal/reflect/GeneratedConstructorAccessor50'
Event: 204.696 Thread 0x00000130751394b0 Unloading class 0x0000000100832400 'jdk/internal/reflect/GeneratedConstructorAccessor49'
Event: 204.696 Thread 0x00000130751394b0 Unloading class 0x0000000100832000 'jdk/internal/reflect/GeneratedConstructorAccessor48'
Event: 204.696 Thread 0x00000130751394b0 Unloading class 0x0000000100831c00 'jdk/internal/reflect/GeneratedConstructorAccessor47'
Event: 204.696 Thread 0x00000130751394b0 Unloading class 0x0000000100831800 'jdk/internal/reflect/GeneratedConstructorAccessor46'
Event: 204.696 Thread 0x00000130751394b0 Unloading class 0x0000000100831400 'jdk/internal/reflect/GeneratedConstructorAccessor45'
Event: 204.696 Thread 0x00000130751394b0 Unloading class 0x0000000100831000 'jdk/internal/reflect/GeneratedConstructorAccessor44'
Event: 204.696 Thread 0x00000130751394b0 Unloading class 0x0000000100830c00 'jdk/internal/reflect/GeneratedConstructorAccessor43'
Event: 204.696 Thread 0x00000130751394b0 Unloading class 0x0000000100830800 'jdk/internal/reflect/GeneratedConstructorAccessor42'
Event: 204.696 Thread 0x00000130751394b0 Unloading class 0x0000000100830000 'jdk/internal/reflect/GeneratedConstructorAccessor40'
Event: 204.696 Thread 0x00000130751394b0 Unloading class 0x000000010008b800 'java/lang/invoke/LambdaForm$MH+0x000000010008b800'
Event: 204.696 Thread 0x00000130751394b0 Unloading class 0x000000010008b400 'java/lang/invoke/LambdaForm$MH+0x000000010008b400'
Event: 204.696 Thread 0x00000130751394b0 Unloading class 0x000000010008b000 'java/lang/invoke/LambdaForm$MH+0x000000010008b000'
Event: 204.696 Thread 0x00000130751394b0 Unloading class 0x000000010008ac00 'java/lang/invoke/LambdaForm$MH+0x000000010008ac00'
Event: 204.696 Thread 0x00000130751394b0 Unloading class 0x000000010008a800 'java/lang/invoke/LambdaForm$MH+0x000000010008a800'
Event: 204.696 Thread 0x00000130751394b0 Unloading class 0x000000010008a400 'java/lang/invoke/LambdaForm$MH+0x000000010008a400'
Event: 204.696 Thread 0x00000130751394b0 Unloading class 0x0000000100089c00 'java/lang/invoke/LambdaForm$MH+0x0000000100089c00'
Event: 204.696 Thread 0x00000130751394b0 Unloading class 0x0000000100089400 'java/lang/invoke/LambdaForm$MH+0x0000000100089400'
Event: 204.696 Thread 0x00000130751394b0 Unloading class 0x0000000100088c00 'java/lang/invoke/LambdaForm$MH+0x0000000100088c00'
Event: 204.696 Thread 0x00000130751394b0 Unloading class 0x0000000100088400 'java/lang/invoke/LambdaForm$MH+0x0000000100088400'

Classes redefined (0 events):
No events

Internal exceptions (20 events):
Event: 97.493 Thread 0x000001307ad4d5e0 Exception <a 'sun/nio/fs/WindowsException'{0x00000000d9b0ec68}> (0x00000000d9b0ec68) 
thrown [s\src\hotspot\share\prims\jni.cpp, line 516]
Event: 97.493 Thread 0x000001307ad4d5e0 Exception <a 'sun/nio/fs/WindowsException'{0x00000000d9b0f6c0}> (0x00000000d9b0f6c0) 
thrown [s\src\hotspot\share\prims\jni.cpp, line 516]
Event: 97.493 Thread 0x000001307ad4d5e0 Exception <a 'sun/nio/fs/WindowsException'{0x00000000d9b0fad0}> (0x00000000d9b0fad0) 
thrown [s\src\hotspot\share\prims\jni.cpp, line 516]
Event: 97.493 Thread 0x000001307ad4d5e0 Exception <a 'sun/nio/fs/WindowsException'{0x00000000d9b10540}> (0x00000000d9b10540) 
thrown [s\src\hotspot\share\prims\jni.cpp, line 516]
Event: 97.493 Thread 0x000001307ad4d5e0 Exception <a 'sun/nio/fs/WindowsException'{0x00000000d9b10970}> (0x00000000d9b10970) 
thrown [s\src\hotspot\share\prims\jni.cpp, line 516]
Event: 97.493 Thread 0x000001307ad4d5e0 Exception <a 'sun/nio/fs/WindowsException'{0x00000000d9b113f8}> (0x00000000d9b113f8) 
thrown [s\src\hotspot\share\prims\jni.cpp, line 516]
Event: 97.494 Thread 0x000001307ad4d5e0 Exception <a 'sun/nio/fs/WindowsException'{0x00000000d9b11840}> (0x00000000d9b11840) 
thrown [s\src\hotspot\share\prims\jni.cpp, line 516]
Event: 97.494 Thread 0x000001307ad4d5e0 Exception <a 'sun/nio/fs/WindowsException'{0x00000000d9b122c0}> (0x00000000d9b122c0) 
thrown [s\src\hotspot\share\prims\jni.cpp, line 516]
Event: 97.494 Thread 0x000001307ad4d5e0 Exception <a 'sun/nio/fs/WindowsException'{0x00000000d9b12700}> (0x00000000d9b12700) 
thrown [s\src\hotspot\share\prims\jni.cpp, line 516]
Event: 97.498 Thread 0x000001307ad51470 Exception <a 'java/lang/NoSuchMethodError'{0x00000000d9b88da0}: 'java.lang.Object java.lang.invoke.Invokers$Holder.invoke_MT(java.lang.Object, java.lang.Object, java.lang.Object)'> (0x00000000d9b88da0) 
thrown [s\src\hotspot\share\interpreter\linkResolver.cpp, line 759]
Event: 97.748 Thread 0x000001307ad4f790 Exception <a 'sun/nio/fs/WindowsException'{0x00000000e762f4b8}> (0x00000000e762f4b8) 
thrown [s\src\hotspot\share\prims\jni.cpp, line 516]
Event: 97.749 Thread 0x000001307ad4f790 Exception <a 'sun/nio/fs/WindowsException'{0x00000000e7632160}> (0x00000000e7632160) 
thrown [s\src\hotspot\share\prims\jni.cpp, line 516]
Event: 97.750 Thread 0x000001307ad4f790 Exception <a 'sun/nio/fs/WindowsException'{0x00000000e7634e08}> (0x00000000e7634e08) 
thrown [s\src\hotspot\share\prims\jni.cpp, line 516]
Event: 97.751 Thread 0x000001307ad4f790 Exception <a 'sun/nio/fs/WindowsException'{0x00000000e7637a68}> (0x00000000e7637a68) 
thrown [s\src\hotspot\share\prims\jni.cpp, line 516]
Event: 97.751 Thread 0x000001307ad4f790 Exception <a 'sun/nio/fs/WindowsException'{0x00000000e7335438}> (0x00000000e7335438) 
thrown [s\src\hotspot\share\prims\jni.cpp, line 516]
Event: 97.752 Thread 0x000001307ad4f790 Exception <a 'sun/nio/fs/WindowsException'{0x00000000e73380e0}> (0x00000000e73380e0) 
thrown [s\src\hotspot\share\prims\jni.cpp, line 516]
Event: 97.832 Thread 0x000001307a9faee0 Exception <a 'java/lang/NoSuchMethodError'{0x00000000e655f0a0}: 'void java.lang.invoke.DirectMethodHandle$Holder.invokeStatic(java.lang.Object, java.lang.Object, java.lang.Object, java.lang.Object, java.lang.Object, java.lang.Object, java.lang.Object)'> (0x00000000e655f0a0) 
thrown [s\src\hotspot\share\interpreter\linkResolver.cpp, line 759]
Event: 136.498 Thread 0x000001307aa54830 Exception <a 'java/lang/NoSuchMethodError'{0x00000000e06ea200}: 'void java.lang.invoke.DirectMethodHandle$Holder.invokeStatic(java.lang.Object, long)'> (0x00000000e06ea200) 
thrown [s\src\hotspot\share\interpreter\linkResolver.cpp, line 759]
Event: 136.499 Thread 0x000001307aa54830 Exception <a 'java/lang/NoSuchMethodError'{0x00000000e06ef5a8}: 'java.lang.Object java.lang.invoke.DirectMethodHandle$Holder.newInvokeSpecial(java.lang.Object, long)'> (0x00000000e06ef5a8) 
thrown [s\src\hotspot\share\interpreter\linkResolver.cpp, line 759]
Event: 17262.505 Thread 0x000001307aa54830 Exception <a 'java/io/IOException'{0x00000000c7100628}: CreateProcess error=1455, The paging file is too small for this operation to complete> (0x00000000c7100628) 
thrown [s\src\hotspot\share\prims\jni.cpp, line 535]

VM Operations (20 events):
Event: 28170.353 Executing VM operation: G1CollectFull done
Event: 28180.519 Executing VM operation: G1CollectFull
Event: 28180.556 Executing VM operation: G1CollectFull done
Event: 28190.693 Executing VM operation: G1CollectFull
Event: 28190.730 Executing VM operation: G1CollectFull done
Event: 28200.890 Executing VM operation: G1CollectFull
Event: 28200.930 Executing VM operation: G1CollectFull done
Event: 28211.074 Executing VM operation: G1CollectFull
Event: 28211.109 Executing VM operation: G1CollectFull done
Event: 28221.262 Executing VM operation: G1CollectFull
Event: 28221.298 Executing VM operation: G1CollectFull done
Event: 28231.471 Executing VM operation: G1CollectFull
Event: 28231.507 Executing VM operation: G1CollectFull done
Event: 28241.667 Executing VM operation: G1CollectFull
Event: 28241.709 Executing VM operation: G1CollectFull done
Event: 28251.878 Executing VM operation: G1CollectFull
Event: 28251.914 Executing VM operation: G1CollectFull done
Event: 28262.073 Executing VM operation: G1CollectFull
Event: 28262.115 Executing VM operation: G1CollectFull done
Event: 28272.144 Executing VM operation: G1CollectFull

Events (20 events):
Event: 127.377 Thread 0x000001307aaa8e50 Thread exited: 0x000001307aaa8e50
Event: 127.710 Thread 0x000001307a9fb880 Thread exited: 0x000001307a9fb880
Event: 127.956 Thread 0x000001307a9faa10 Thread exited: 0x000001307a9faa10
Event: 129.766 Thread 0x000001307aaa8980 Thread exited: 0x000001307aaa8980
Event: 129.766 Thread 0x000001307aaa9320 Thread exited: 0x000001307aaa9320
Event: 136.486 loading class java/lang/ProcessBuilder
Event: 136.487 loading class java/lang/ProcessBuilder done
Event: 136.487 loading class java/lang/ProcessImpl
Event: 136.488 loading class java/lang/ProcessImpl done
Event: 136.499 loading class java/lang/ProcessImpl$2
Event: 136.500 loading class java/lang/ProcessImpl$2 done
Event: 136.500 loading class java/lang/Process$PipeInputStream
Event: 136.500 loading class java/lang/Process$PipeInputStream done
Event: 136.501 loading class jdk/internal/event/ProcessStartEvent
Event: 136.501 loading class jdk/internal/event/ProcessStartEvent done
Event: 136.668 loading class java/io/FileOutputStream$1
Event: 136.668 loading class java/io/FileOutputStream$1 done
Event: 164.709 Thread 0x000001307a9faee0 Thread exited: 0x000001307a9faee0
Event: 224.752 Thread 0x000001307a9fb3b0 Thread exited: 0x000001307a9fb3b0
Event: 284.788 Thread 0x000001307ad4d110 Thread exited: 0x000001307ad4d110


Dynamic libraries:
0x00007ff742550000 - 0x00007ff74255e000 	c:\Users\LtCol(Dr)HHLKFernand\.vscode\extensions\redhat.java-1.21.0-win32-x64\jre\17.0.7-win32-x86_64\bin\java.exe
0x00007ffca4730000 - 0x00007ffca4944000 	C:\WINDOWS\SYSTEM32\ntdll.dll
0x00007ffca3ba0000 - 0x00007ffca3c64000 	C:\WINDOWS\System32\KERNEL32.DLL
0x00007ffca20d0000 - 0x00007ffca2474000 	C:\WINDOWS\System32\KERNELBASE.dll
0x00007ffca1e50000 - 0x00007ffca1f61000 	C:\WINDOWS\System32\ucrtbase.dll
0x00007ffc8c980000 - 0x00007ffc8c997000 	c:\Users\LtCol(Dr)HHLKFernand\.vscode\extensions\redhat.java-1.21.0-win32-x64\jre\17.0.7-win32-x86_64\bin\jli.dll
0x00007ffca3e50000 - 0x00007ffca3ffa000 	C:\WINDOWS\System32\USER32.dll
0x00007ffca1e20000 - 0x00007ffca1e46000 	C:\WINDOWS\System32\win32u.dll
0x00007ffca42d0000 - 0x00007ffca42f9000 	C:\WINDOWS\System32\GDI32.dll
0x00007ffca1d00000 - 0x00007ffca1e19000 	C:\WINDOWS\System32\gdi32full.dll
0x00007ffca1f70000 - 0x00007ffca200a000 	C:\WINDOWS\System32\msvcp_win.dll
0x00007ffc89670000 - 0x00007ffc89689000 	c:\Users\LtCol(Dr)HHLKFernand\.vscode\extensions\redhat.java-1.21.0-win32-x64\jre\17.0.7-win32-x86_64\bin\VCRUNTIME140.dll
0x00007ffc863b0000 - 0x00007ffc8663f000 	C:\WINDOWS\WinSxS\amd64_microsoft.windows.common-controls_6595b64144ccf1df_6.0.22621.2070_none_2713e6537381f706\COMCTL32.dll
0x00007ffca36f0000 - 0x00007ffca3797000 	C:\WINDOWS\System32\msvcrt.dll
0x00007ffca4460000 - 0x00007ffca4491000 	C:\WINDOWS\System32\IMM32.DLL
0x00007ffc9bf30000 - 0x00007ffc9bf3c000 	c:\Users\LtCol(Dr)HHLKFernand\.vscode\extensions\redhat.java-1.21.0-win32-x64\jre\17.0.7-win32-x86_64\bin\vcruntime140_1.dll
0x00007ffc895d0000 - 0x00007ffc89661000 	c:\Users\LtCol(Dr)HHLKFernand\.vscode\extensions\redhat.java-1.21.0-win32-x64\jre\17.0.7-win32-x86_64\bin\msvcp140.dll
0x00007ffbed2e0000 - 0x00007ffbedf28000 	c:\Users\LtCol(Dr)HHLKFernand\.vscode\extensions\redhat.java-1.21.0-win32-x64\jre\17.0.7-win32-x86_64\bin\server\jvm.dll
0x00007ffca4000000 - 0x00007ffca40b0000 	C:\WINDOWS\System32\ADVAPI32.dll
0x00007ffca2b20000 - 0x00007ffca2bc6000 	C:\WINDOWS\System32\sechost.dll
0x00007ffca41b0000 - 0x00007ffca42c7000 	C:\WINDOWS\System32\RPCRT4.dll
0x00007ffc97200000 - 0x00007ffc97209000 	C:\WINDOWS\SYSTEM32\WSOCK32.dll
0x00007ffca4300000 - 0x00007ffca4371000 	C:\WINDOWS\System32\WS2_32.dll
0x00007ffc98c30000 - 0x00007ffc98c64000 	C:\WINDOWS\SYSTEM32\WINMM.dll
0x00007ffc92840000 - 0x00007ffc9284a000 	C:\WINDOWS\SYSTEM32\VERSION.dll
0x00007ffca0a20000 - 0x00007ffca0a38000 	C:\WINDOWS\SYSTEM32\kernel.appcore.dll
0x00007ffc90a00000 - 0x00007ffc90a0a000 	c:\Users\LtCol(Dr)HHLKFernand\.vscode\extensions\redhat.java-1.21.0-win32-x64\jre\17.0.7-win32-x86_64\bin\jimage.dll
0x00007ffc9f210000 - 0x00007ffc9f43e000 	C:\WINDOWS\SYSTEM32\DBGHELP.DLL
0x00007ffca3810000 - 0x00007ffca3b9a000 	C:\WINDOWS\System32\combase.dll
0x00007ffca4380000 - 0x00007ffca4457000 	C:\WINDOWS\System32\OLEAUT32.dll
0x00007ffc82200000 - 0x00007ffc82232000 	C:\WINDOWS\SYSTEM32\dbgcore.DLL
0x00007ffca1c80000 - 0x00007ffca1cfa000 	C:\WINDOWS\System32\bcryptPrimitives.dll
0x00007ffc895a0000 - 0x00007ffc895c5000 	c:\Users\LtCol(Dr)HHLKFernand\.vscode\extensions\redhat.java-1.21.0-win32-x64\jre\17.0.7-win32-x86_64\bin\java.dll
0x00007ffc89580000 - 0x00007ffc89598000 	c:\Users\LtCol(Dr)HHLKFernand\.vscode\extensions\redhat.java-1.21.0-win32-x64\jre\17.0.7-win32-x86_64\bin\zip.dll
0x00007ffca2bd0000 - 0x00007ffca33e6000 	C:\WINDOWS\System32\SHELL32.dll
0x00007ffc9f7c0000 - 0x00007ffca00aa000 	C:\WINDOWS\SYSTEM32\windows.storage.dll
0x00007ffc9f680000 - 0x00007ffc9f7be000 	C:\WINDOWS\SYSTEM32\wintypes.dll
0x00007ffca3440000 - 0x00007ffca3533000 	C:\WINDOWS\System32\SHCORE.dll
0x00007ffca3560000 - 0x00007ffca35be000 	C:\WINDOWS\System32\shlwapi.dll
0x00007ffca1a40000 - 0x00007ffca1a66000 	C:\WINDOWS\SYSTEM32\profapi.dll
0x00007ffc88ba0000 - 0x00007ffc88bb9000 	C:\Users\LtCol(Dr)HHLKFernand\.vscode\extensions\redhat.java-1.21.0-win32-x64\jre\17.0.7-win32-x86_64\bin\net.dll
0x00007ffca0a40000 - 0x00007ffca0b77000 	C:\WINDOWS\SYSTEM32\WINHTTP.dll
0x00007ffca0fd0000 - 0x00007ffca1039000 	C:\WINDOWS\system32\mswsock.dll
0x00007ffc88b80000 - 0x00007ffc88b95000 	C:\Users\LtCol(Dr)HHLKFernand\.vscode\extensions\redhat.java-1.21.0-win32-x64\jre\17.0.7-win32-x86_64\bin\nio.dll
0x00007ffca1270000 - 0x00007ffca128b000 	C:\WINDOWS\SYSTEM32\CRYPTSP.dll
0x00007ffca0990000 - 0x00007ffca09c5000 	C:\WINDOWS\system32\rsaenh.dll
0x00007ffca1070000 - 0x00007ffca109c000 	C:\WINDOWS\SYSTEM32\USERENV.dll
0x00007ffca1390000 - 0x00007ffca13b8000 	C:\WINDOWS\SYSTEM32\bcrypt.dll
0x00007ffca1250000 - 0x00007ffca125c000 	C:\WINDOWS\SYSTEM32\CRYPTBASE.dll
0x00007ffca0300000 - 0x00007ffca032d000 	C:\WINDOWS\SYSTEM32\IPHLPAPI.DLL
0x00007ffca3550000 - 0x00007ffca3559000 	C:\WINDOWS\System32\NSI.dll
0x00007ffc9a3e0000 - 0x00007ffc9a3f9000 	C:\WINDOWS\SYSTEM32\dhcpcsvc6.DLL
0x00007ffc9a760000 - 0x00007ffc9a77f000 	C:\WINDOWS\SYSTEM32\dhcpcsvc.DLL
0x00007ffca0330000 - 0x00007ffca0423000 	C:\WINDOWS\SYSTEM32\DNSAPI.dll
0x00007ffc9bff0000 - 0x00007ffc9bff9000 	C:\Users\LtCol(Dr)HHLKFernand\.vscode\extensions\redhat.java-1.21.0-win32-x64\jre\17.0.7-win32-x86_64\bin\management.dll
0x00007ffc8cb50000 - 0x00007ffc8cb5b000 	C:\Users\LtCol(Dr)HHLKFernand\.vscode\extensions\redhat.java-1.21.0-win32-x64\jre\17.0.7-win32-x86_64\bin\management_ext.dll
0x00007ffca3e10000 - 0x00007ffca3e18000 	C:\WINDOWS\System32\PSAPI.DLL
0x00007ffc8cae0000 - 0x00007ffc8caee000 	C:\Users\LtCol(Dr)HHLKFernand\.vscode\extensions\redhat.java-1.21.0-win32-x64\jre\17.0.7-win32-x86_64\bin\sunmscapi.dll
0x00007ffca1b10000 - 0x00007ffca1c77000 	C:\WINDOWS\System32\CRYPT32.dll
0x00007ffca1360000 - 0x00007ffca138e000 	C:\WINDOWS\SYSTEM32\ncrypt.dll
0x00007ffca1320000 - 0x00007ffca1357000 	C:\WINDOWS\SYSTEM32\NTASN1.dll
0x00007ffc936b0000 - 0x00007ffc936ba000 	C:\Windows\System32\rasadhlp.dll
0x00007ffc975b0000 - 0x00007ffc97634000 	C:\WINDOWS\System32\fwpuclnt.dll
0x00007ffc8e2d0000 - 0x00007ffc8e2e0000 	c:\Users\LtCol(Dr)HHLKFernand\.vscode\extensions\redhat.java-1.21.0-win32-x64\jre\17.0.7-win32-x86_64\bin\verify.dll

dbghelp: loaded successfully - version: 4.0.5 - missing functions: none
symbol engine: initialized successfully - sym options: 0x614 - pdb path: .;c:\Users\LtCol(Dr)HHLKFernand\.vscode\extensions\redhat.java-1.21.0-win32-x64\jre\17.0.7-win32-x86_64\bin;C:\WINDOWS\SYSTEM32;C:\WINDOWS\WinSxS\amd64_microsoft.windows.common-controls_6595b64144ccf1df_6.0.22621.2070_none_2713e6537381f706;c:\Users\LtCol(Dr)HHLKFernand\.vscode\extensions\redhat.java-1.21.0-win32-x64\jre\17.0.7-win32-x86_64\bin\server

VM Arguments:
jvm_args: -XX:+HeapDumpOnOutOfMemoryError -Xmx1024m -Dsts.lsp.client=vscode -Dsts.log.file=/dev/null -XX:TieredStopAtLevel=1 -Xlog:jni+resolve=off -Dspring.config.location=file:c:\Users\LtCol(Dr)HHLKFernand\.vscode\extensions\vmware.vscode-spring-boot-1.48.0\language-server\BOOT-INF\classes\application.properties 
java_command: org.springframework.ide.vscode.boot.app.BootLanguageServerBootApp
java_class_path (initial): c:\Users\LtCol(Dr)HHLKFernand\.vscode\extensions\vmware.vscode-spring-boot-1.48.0\language-server\BOOT-INF\classes;c:\Users\LtCol(Dr)HHLKFernand\.vscode\extensions\vmware.vscode-spring-boot-1.48.0\language-server\BOOT-INF\lib\annotations-24.0.1.jar;c:\Users\LtCol(Dr)HHLKFernand\.vscode\extensions\vmware.vscode-spring-boot-1.48.0\language-server\BOOT-INF\lib\antlr-runtime-3.5.3.jar;c:\Users\LtCol(Dr)HHLKFernand\.vscode\extensions\vmware.vscode-spring-boot-1.48.0\language-server\BOOT-INF\lib\antlr4-4.11.1.jar;c:\Users\LtCol(Dr)HHLKFernand\.vscode\extensions\vmware.vscode-spring-boot-1.48.0\language-server\BOOT-INF\lib\antlr4-runtime-4.11.1.jar;c:\Users\LtCol(Dr)HHLKFernand\.vscode\extensions\vmware.vscode-spring-boot-1.48.0\language-server\BOOT-INF\lib\archunit-1.0.1.jar;c:\Users\LtCol(Dr)HHLKFernand\.vscode\extensions\vmware.vscode-spring-boot-1.48.0\language-server\BOOT-INF\lib\asm-9.5.jar;c:\Users\LtCol(Dr)HHLKFernand\.vscode\extensions\vmware.vscode-spring-boot-1.48.0\language-server\BOOT-INF\lib\asm-analysis-9.5.jar;c:\Users\LtCol(Dr)HHLKFernand\.vscode\extensions\vmware.vscode-spring-boot-1.48.0\language-server\BOOT-INF\lib\asm-tree-9.5.jar;c:\Users\LtCol(Dr)HHLKFernand\.vscode\extensions\vmware.vscode-spring-boot-1.48.0\language-server\BOOT-INF\lib\asm-util-9.5.jar;c:\Users\LtCol(Dr)HHLKFernand\.vscode\extensions\vmware.vscode-spring-boot-1.48.0\language-server\BOOT-INF\lib\bosh-language-server-1.48.0-SNAPSHOT.jar;c:\Users\LtCol(Dr)HHLKFernand\.vscode\extensions\vmware.vscode-spring-boot-1.48.0\language-server\BOOT-INF\lib\caffeine-3.1.6.jar;c:\Users\LtCol(Dr)HHLKFernand\.vscode\extensions\vmware.vscode-spring-boot-1.48.0\language-server\BOOT-INF\lib\checker-qual-3.12.0.jar;c:\Users\LtCol(Dr)HHLKFernand\.vscode\extensions\vmware.vscode-spring-boot-1.48.0\language-server\BOOT-INF\lib\classgraph-4.8.149.jar;c:\Users\LtCol(Dr)HHLKFernand\.vscode\extensions\vmware.vscode-spring-boot-1.48.0\language-server\BOOT-INF\lib\commons-codec-1.15
Launcher Type: SUN_STANDARD

[Global flags]
     intx CICompilerCount                          = 3                                         {product} {ergonomic}
     uint ConcGCThreads                            = 1                                         {product} {ergonomic}
     uint G1ConcRefinementThreads                  = 4                                         {product} {ergonomic}
   size_t G1HeapRegionSize                         = 1048576                                   {product} {ergonomic}
    uintx GCDrainStackTargetSize                   = 64                                        {product} {ergonomic}
     bool HeapDumpOnOutOfMemoryError               = true                                   {manageable} {command line}
   size_t InitialHeapSize                          = 268435456                                 {product} {ergonomic}
   size_t MarkStackSize                            = 4194304                                   {product} {ergonomic}
   size_t MaxHeapSize                              = 1073741824                                {product} {command line}
   size_t MaxNewSize                               = 643825664                                 {product} {ergonomic}
   size_t MinHeapDeltaBytes                        = 1048576                                   {product} {ergonomic}
   size_t MinHeapSize                              = 8388608                                   {product} {ergonomic}
    uintx NonProfiledCodeHeapSize                  = 0                                      {pd product} {ergonomic}
     bool ProfileInterpreter                       = false                                  {pd product} {command line}
    uintx ProfiledCodeHeapSize                     = 0                                      {pd product} {ergonomic}
   size_t SoftMaxHeapSize                          = 1073741824                             {manageable} {ergonomic}
     intx TieredStopAtLevel                        = 1                                         {product} {command line}
     bool UseCompressedClassPointers               = true                           {product lp64_product} {ergonomic}
     bool UseCompressedOops                        = true                           {product lp64_product} {ergonomic}
     bool UseG1GC                                  = true                                      {product} {ergonomic}
     bool UseLargePagesIndividualAllocation        = false                                  {pd product} {ergonomic}

Logging:
Log output configuration:
 #0: stdout all=warning,jni+resolve=off uptime,level,tags
 #1: stderr all=off uptime,level,tags

Environment Variables:
JAVA_HOME=C:\Program Files\Java\jdk-19
PATH=C:\Program Files\Common Files\Oracle\Java\javapath;C:\WINDOWS\system32;C:\WINDOWS;C:\WINDOWS\System32\Wbem;C:\WINDOWS\System32\WindowsPowerShell\v1.0\;C:\WINDOWS\System32\OpenSSH\;C:\Program Files\Microsoft VS Code\bin;C:\Program Files\Java\jdk-18.0.1.1\bin;C:\Program Files\Git\cmd;C:\xampp\php;C:\ProgramData\ComposerSetup\bin;C:\MinGW\bin;C:\Program Files\nodejs\;C:\Program Files\Docker\Docker\resources\bin;C:\Users\LtCol(Dr)HHLKFernand\AppData\Local\Microsoft\WindowsApps;C:\Users\LtCol(Dr)HHLKFernand\AppData\Local\GitHubDesktop\bin;C:\Users\LtCol(Dr)HHLKFernand\AppData\Roaming\Composer\vendor\bin;C:\Program Files\Java\jdk-19\bin;C:\Users\LtCol(Dr)HHLKFernand\AppData\Roaming\npm;C:\Program Files\JetBrains\IntelliJ IDEA 2023.2\bin;
USERNAME=LtCol(Dr)HHLKFernand
OS=Windows_NT
PROCESSOR_IDENTIFIER=Intel64 Family 6 Model 142 Stepping 12, GenuineIntel
TMP=C:\Users\LTCOL(~1\AppData\Local\Temp
TEMP=C:\Users\LTCOL(~1\AppData\Local\Temp



---------------  S Y S T E M  ---------------

OS:
 Windows 11 , 64 bit Build 22621 (10.0.22621.2070)
OS uptime: 0 days 8:14 hours
Hyper-V role detected

CPU: total 4 (initial active 4) (2 cores per cpu, 2 threads per core) family 6 model 142 stepping 12 microcode 0xf8, cx8, cmov, fxsr, ht, mmx, 3dnowpref, sse, sse2, sse3, ssse3, sse4.1, sse4.2, popcnt, lzcnt, tsc, tscinvbit, avx, avx2, aes, erms, clmul, bmi1, bmi2, adx, fma, vzeroupper, clflush, clflushopt, hv

Memory: 4k page, system-wide physical 16260M (4710M free)
TotalPageFile size 19167M (AvailPageFile size 5M)
current process WorkingSet (physical memory assigned to process): 152M, peak: 831M
current process commit charge ("private bytes"): 276M, peak: 827M

vm_info: OpenJDK 64-Bit Server VM (17.0.7+7) for windows-amd64 JRE (17.0.7+7), built on Apr 18 2023 22:10:42 by "temurin" with MS VC++ 16.7 (VS2019)

END.
